<?xml version="1.0" encoding="utf-8"?><testsuite errors="0" failures="0" name="pytest" skips="19" tests="36" time="1.078"><testcase classname="module_utils.test_netapp_module.TestMyModule" file="module_utils/test_netapp_module.py" line="29" name="test_get_cd_action" time="0.00204586982727"></testcase><testcase classname="module_utils.test_netapp_module.TestMyModule" file="module_utils/test_netapp_module.py" line="13" name="test_get_cd_action_create" time="0.00207710266113"></testcase><testcase classname="module_utils.test_netapp_module.TestMyModule" file="module_utils/test_netapp_module.py" line="45" name="test_get_modified_attributes" time="0.00195097923279"></testcase><testcase classname="module_utils.test_netapp_module.TestMyModule" file="module_utils/test_netapp_module.py" line="21" name="test_get_cd_action_delete" time="0.00199413299561"></testcase><testcase classname="module_utils.test_netapp_module.TestMyModule" file="module_utils/test_netapp_module.py" line="85" name="test_get_modified_attributes_for_intersecting_list_of_dicts" time="0.00240898132324"></testcase><testcase classname="module_utils.test_netapp_module.TestMyModule" file="module_utils/test_netapp_module.py" line="61" name="test_get_modified_attributes_for_intersecting_list" time="0.00189590454102"></testcase><testcase classname="module_utils.test_netapp_module.TestMyModule" file="module_utils/test_netapp_module.py" line="101" name="test_get_modified_attributes_for_list_diff" time="0.00313377380371"></testcase><testcase classname="module_utils.test_netapp_module.TestMyModule" file="module_utils/test_netapp_module.py" line="53" name="test_get_modified_attributes_for_intersecting_mixed_list" time="0.00475692749023"></testcase><testcase classname="module_utils.test_netapp_module.TestMyModule" file="module_utils/test_netapp_module.py" line="109" name="test_get_modified_attributes_for_no_change" time="0.00202798843384"></testcase><testcase classname="module_utils.test_netapp_module.TestMyModule" file="module_utils/test_netapp_module.py" line="37" name="test_get_modified_attributes_for_no_data" time="0.00181984901428"></testcase><testcase classname="module_utils.test_netapp_module.TestMyModule" file="module_utils/test_netapp_module.py" line="77" name="test_get_modified_attributes_for_list_of_dicts_no_data" time="0.00182223320007"></testcase><testcase classname="module_utils.test_netapp_module.TestMyModule" file="module_utils/test_netapp_module.py" line="141" name="test_is_rename_action" time="0.00190496444702"></testcase><testcase classname="module_utils.test_netapp_module.TestMyModule" file="module_utils/test_netapp_module.py" line="69" name="test_get_modified_attributes_for_nonintersecting_list" time="0.00184798240662"></testcase><testcase classname="module_utils.test_netapp_module.TestMyModule" file="module_utils/test_netapp_module.py" line="117" name="test_is_rename_action_for_empty_input" time="0.00287103652954"></testcase><testcase classname="module_utils.test_netapp_module.TestMyModule" file="module_utils/test_netapp_module.py" line="93" name="test_get_modified_attributes_for_nonintersecting_list_of_dicts" time="0.00211119651794"></testcase><testcase classname="module_utils.test_netapp_module.TestMyModule" file="module_utils/test_netapp_module.py" line="125" name="test_is_rename_action_for_no_source" time="0.00191831588745"></testcase><testcase classname="modules.test_azure_rm_netapp_account.TestMyModule" file="modules/test_azure_rm_netapp_account.py" line="131" name="test_ensure_create_called" time="0.0012059211731"><skipped message="skipping as missing required azure_exceptions" type="pytest.skip">modules/test_azure_rm_netapp_account.py:131: &lt;py._xmlgen.raw object at 0x5582a13a42d0&gt;</skipped></testcase><testcase classname="modules.test_azure_rm_netapp_account.TestMyModule" file="modules/test_azure_rm_netapp_account.py" line="150" name="test_ensure_delete_called" time="0.00119185447693"><skipped message="skipping as missing required azure_exceptions" type="pytest.skip">modules/test_azure_rm_netapp_account.py:150: &lt;py._xmlgen.raw object at 0x5582a13a4650&gt;</skipped></testcase><testcase classname="module_utils.test_netapp_module.TestMyModule" file="module_utils/test_netapp_module.py" line="133" name="test_is_rename_action_for_no_target" time="0.00183081626892"></testcase><testcase classname="modules.test_azure_rm_netapp_account.TestMyModule" file="modules/test_azure_rm_netapp_account.py" line="106" name="test_ensure_get_called_valid_account" time="0.00114011764526"><skipped message="skipping as missing required azure_exceptions" type="pytest.skip">modules/test_azure_rm_netapp_account.py:106: &lt;py._xmlgen.raw object at 0x5582a13ab350&gt;</skipped></testcase><testcase classname="modules.test_azure_rm_netapp_account.TestMyModule" file="modules/test_azure_rm_netapp_account.py" line="118" name="test_ensure_get_called_non_existing_account" time="0.00277805328369"><skipped message="skipping as missing required azure_exceptions" type="pytest.skip">modules/test_azure_rm_netapp_account.py:118: &lt;py._xmlgen.raw object at 0x5582a13a4050&gt;</skipped></testcase><testcase classname="modules.test_azure_rm_netapp_account.TestMyModule" file="modules/test_azure_rm_netapp_account.py" line="99" name="test_module_fail_when_required_args_missing" time="0.00280785560608"><skipped message="skipping as missing required azure_exceptions" type="pytest.skip">modules/test_azure_rm_netapp_account.py:99: &lt;py._xmlgen.raw object at 0x5582a13a4950&gt;</skipped></testcase><testcase classname="modules.test_azure_rm_netapp_capacity_pool.TestMyModule" file="modules/test_azure_rm_netapp_capacity_pool.py" line="150" name="test_ensure_delete_called" time="0.00297498703003"><skipped message="skipping as missing required azure_exceptions" type="pytest.skip">modules/test_azure_rm_netapp_capacity_pool.py:150: &lt;py._xmlgen.raw object at 0x5582a13a4c10&gt;</skipped></testcase><testcase classname="modules.test_azure_rm_netapp_capacity_pool.TestMyModule" file="modules/test_azure_rm_netapp_capacity_pool.py" line="132" name="test_ensure_create_called" time="0.00289177894592"><skipped message="skipping as missing required azure_exceptions" type="pytest.skip">modules/test_azure_rm_netapp_capacity_pool.py:132: &lt;py._xmlgen.raw object at 0x5582a13a4dd0&gt;</skipped></testcase><testcase classname="modules.test_azure_rm_netapp_capacity_pool.TestMyModule" file="modules/test_azure_rm_netapp_capacity_pool.py" line="120" name="test_ensure_get_called_non_existing_capacity_pool" time="0.00291109085083"><skipped message="skipping as missing required azure_exceptions" type="pytest.skip">modules/test_azure_rm_netapp_capacity_pool.py:120: &lt;py._xmlgen.raw object at 0x5582a13b00d0&gt;</skipped></testcase><testcase classname="modules.test_azure_rm_netapp_capacity_pool.TestMyModule" file="modules/test_azure_rm_netapp_capacity_pool.py" line="110" name="test_ensure_get_called_valid_capacity_pool" time="0.00284099578857"><skipped message="skipping as missing required azure_exceptions" type="pytest.skip">modules/test_azure_rm_netapp_capacity_pool.py:110: &lt;py._xmlgen.raw object at 0x5582a13b01d0&gt;</skipped></testcase><testcase classname="modules.test_azure_rm_netapp_capacity_pool.TestMyModule" file="modules/test_azure_rm_netapp_capacity_pool.py" line="103" name="test_module_fail_when_required_args_missing" time="0.00295400619507"><skipped message="skipping as missing required azure_exceptions" type="pytest.skip">modules/test_azure_rm_netapp_capacity_pool.py:103: &lt;py._xmlgen.raw object at 0x5582a13b0550&gt;</skipped></testcase><testcase classname="modules.test_azure_rm_netapp_snapshot.TestMyModule" file="modules/test_azure_rm_netapp_snapshot.py" line="122" name="test_ensure_create_called" time="0.000957012176514"><skipped message="skipping as missing required azure_exceptions" type="pytest.skip">modules/test_azure_rm_netapp_snapshot.py:122: &lt;py._xmlgen.raw object at 0x5582a13b0710&gt;</skipped></testcase><testcase classname="modules.test_azure_rm_netapp_snapshot.TestMyModule" file="modules/test_azure_rm_netapp_snapshot.py" line="112" name="test_ensure_get_called_valid_snapshot" time="0.00122499465942"><skipped message="skipping as missing required azure_exceptions" type="pytest.skip">modules/test_azure_rm_netapp_snapshot.py:112: &lt;py._xmlgen.raw object at 0x5582a13b09d0&gt;</skipped></testcase><testcase classname="modules.test_azure_rm_netapp_snapshot.TestMyModule" file="modules/test_azure_rm_netapp_snapshot.py" line="140" name="test_ensure_delete_called" time="0.00169491767883"><skipped message="skipping as missing required azure_exceptions" type="pytest.skip">modules/test_azure_rm_netapp_snapshot.py:140: &lt;py._xmlgen.raw object at 0x5582a13b0b90&gt;</skipped></testcase><testcase classname="modules.test_azure_rm_netapp_volume.TestMyModule" file="modules/test_azure_rm_netapp_volume.py" line="138" name="test_ensure_create_called" time="0.00115919113159"><skipped message="skipping as missing required azure_exceptions" type="pytest.skip">modules/test_azure_rm_netapp_volume.py:138: &lt;py._xmlgen.raw object at 0x5582a13b0e50&gt;</skipped></testcase><testcase classname="modules.test_azure_rm_netapp_snapshot.TestMyModule" file="modules/test_azure_rm_netapp_snapshot.py" line="105" name="test_module_fail_when_required_args_missing" time="0.00120425224304"><skipped message="skipping as missing required azure_exceptions" type="pytest.skip">modules/test_azure_rm_netapp_snapshot.py:105: &lt;py._xmlgen.raw object at 0x5582a13ba050&gt;</skipped></testcase><testcase classname="modules.test_azure_rm_netapp_volume.TestMyModule" file="modules/test_azure_rm_netapp_volume.py" line="126" name="test_ensure_get_called_non_existing_volume" time="0.00114297866821"><skipped message="skipping as missing required azure_exceptions" type="pytest.skip">modules/test_azure_rm_netapp_volume.py:126: &lt;py._xmlgen.raw object at 0x5582a13ba310&gt;</skipped></testcase><testcase classname="modules.test_azure_rm_netapp_volume.TestMyModule" file="modules/test_azure_rm_netapp_volume.py" line="156" name="test_ensure_delete_called" time="0.00116896629333"><skipped message="skipping as missing required azure_exceptions" type="pytest.skip">modules/test_azure_rm_netapp_volume.py:156: &lt;py._xmlgen.raw object at 0x5582a13ba4d0&gt;</skipped></testcase><testcase classname="modules.test_azure_rm_netapp_volume.TestMyModule" file="modules/test_azure_rm_netapp_volume.py" line="116" name="test_ensure_get_called_valid_volume" time="0.0012378692627"><skipped message="skipping as missing required azure_exceptions" type="pytest.skip">modules/test_azure_rm_netapp_volume.py:116: &lt;py._xmlgen.raw object at 0x5582a13b0b90&gt;</skipped></testcase><testcase classname="modules.test_azure_rm_netapp_volume.TestMyModule" file="modules/test_azure_rm_netapp_volume.py" line="109" name="test_module_fail_when_required_args_missing" time="0.00119400024414"><skipped message="skipping as missing required azure_exceptions" type="pytest.skip">modules/test_azure_rm_netapp_volume.py:109: &lt;py._xmlgen.raw object at 0x5582a13b0690&gt;</skipped></testcase></testsuite>