<?xml version="1.0" encoding="utf-8"?><testsuite errors="0" failures="0" name="pytest" skips="19" tests="36" time="1.080"><testcase classname="module_utils.test_netapp_module.TestMyModule" file="module_utils/test_netapp_module.py" line="13" name="test_get_cd_action_create" time="0.00207996368408"></testcase><testcase classname="module_utils.test_netapp_module.TestMyModule" file="module_utils/test_netapp_module.py" line="29" name="test_get_cd_action" time="0.00204420089722"></testcase><testcase classname="module_utils.test_netapp_module.TestMyModule" file="module_utils/test_netapp_module.py" line="45" name="test_get_modified_attributes" time="0.0033860206604"></testcase><testcase classname="module_utils.test_netapp_module.TestMyModule" file="module_utils/test_netapp_module.py" line="21" name="test_get_cd_action_delete" time="0.00207662582397"></testcase><testcase classname="module_utils.test_netapp_module.TestMyModule" file="module_utils/test_netapp_module.py" line="61" name="test_get_modified_attributes_for_intersecting_list" time="0.0018949508667"></testcase><testcase classname="module_utils.test_netapp_module.TestMyModule" file="module_utils/test_netapp_module.py" line="85" name="test_get_modified_attributes_for_intersecting_list_of_dicts" time="0.00286507606506"></testcase><testcase classname="module_utils.test_netapp_module.TestMyModule" file="module_utils/test_netapp_module.py" line="53" name="test_get_modified_attributes_for_intersecting_mixed_list" time="0.00190305709839"></testcase><testcase classname="module_utils.test_netapp_module.TestMyModule" file="module_utils/test_netapp_module.py" line="101" name="test_get_modified_attributes_for_list_diff" time="0.00195503234863"></testcase><testcase classname="module_utils.test_netapp_module.TestMyModule" file="module_utils/test_netapp_module.py" line="77" name="test_get_modified_attributes_for_list_of_dicts_no_data" time="0.00172901153564"></testcase><testcase classname="module_utils.test_netapp_module.TestMyModule" file="module_utils/test_netapp_module.py" line="109" name="test_get_modified_attributes_for_no_change" time="0.00193810462952"></testcase><testcase classname="module_utils.test_netapp_module.TestMyModule" file="module_utils/test_netapp_module.py" line="141" name="test_is_rename_action" time="0.00233578681946"></testcase><testcase classname="module_utils.test_netapp_module.TestMyModule" file="module_utils/test_netapp_module.py" line="37" name="test_get_modified_attributes_for_no_data" time="0.00167179107666"></testcase><testcase classname="module_utils.test_netapp_module.TestMyModule" file="module_utils/test_netapp_module.py" line="117" name="test_is_rename_action_for_empty_input" time="0.0018482208252"></testcase><testcase classname="module_utils.test_netapp_module.TestMyModule" file="module_utils/test_netapp_module.py" line="69" name="test_get_modified_attributes_for_nonintersecting_list" time="0.00164580345154"></testcase><testcase classname="module_utils.test_netapp_module.TestMyModule" file="module_utils/test_netapp_module.py" line="125" name="test_is_rename_action_for_no_source" time="0.00169014930725"></testcase><testcase classname="module_utils.test_netapp_module.TestMyModule" file="module_utils/test_netapp_module.py" line="93" name="test_get_modified_attributes_for_nonintersecting_list_of_dicts" time="0.00179886817932"></testcase><testcase classname="modules.test_azure_rm_netapp_account.TestMyModule" file="modules/test_azure_rm_netapp_account.py" line="131" name="test_ensure_create_called" time="0.0011351108551"><skipped message="skipping as missing required azure_exceptions" type="pytest.skip">modules/test_azure_rm_netapp_account.py:131: &lt;py._xmlgen.raw object at 0x5594b43d42d0&gt;</skipped></testcase><testcase classname="module_utils.test_netapp_module.TestMyModule" file="module_utils/test_netapp_module.py" line="133" name="test_is_rename_action_for_no_target" time="0.00171709060669"></testcase><testcase classname="modules.test_azure_rm_netapp_account.TestMyModule" file="modules/test_azure_rm_netapp_account.py" line="150" name="test_ensure_delete_called" time="0.00120902061462"><skipped message="skipping as missing required azure_exceptions" type="pytest.skip">modules/test_azure_rm_netapp_account.py:150: &lt;py._xmlgen.raw object at 0x5594b43c6c50&gt;</skipped></testcase><testcase classname="modules.test_azure_rm_netapp_account.TestMyModule" file="modules/test_azure_rm_netapp_account.py" line="106" name="test_ensure_get_called_valid_account" time="0.0011031627655"><skipped message="skipping as missing required azure_exceptions" type="pytest.skip">modules/test_azure_rm_netapp_account.py:106: &lt;py._xmlgen.raw object at 0x5594b43d43d0&gt;</skipped></testcase><testcase classname="modules.test_azure_rm_netapp_account.TestMyModule" file="modules/test_azure_rm_netapp_account.py" line="99" name="test_module_fail_when_required_args_missing" time="0.00277805328369"><skipped message="skipping as missing required azure_exceptions" type="pytest.skip">modules/test_azure_rm_netapp_account.py:99: &lt;py._xmlgen.raw object at 0x5594b43d4750&gt;</skipped></testcase><testcase classname="modules.test_azure_rm_netapp_account.TestMyModule" file="modules/test_azure_rm_netapp_account.py" line="118" name="test_ensure_get_called_non_existing_account" time="0.00415992736816"><skipped message="skipping as missing required azure_exceptions" type="pytest.skip">modules/test_azure_rm_netapp_account.py:118: &lt;py._xmlgen.raw object at 0x5594b43d4910&gt;</skipped></testcase><testcase classname="modules.test_azure_rm_netapp_capacity_pool.TestMyModule" file="modules/test_azure_rm_netapp_capacity_pool.py" line="150" name="test_ensure_delete_called" time="0.00284576416016"><skipped message="skipping as missing required azure_exceptions" type="pytest.skip">modules/test_azure_rm_netapp_capacity_pool.py:150: &lt;py._xmlgen.raw object at 0x5594b43d4bd0&gt;</skipped></testcase><testcase classname="modules.test_azure_rm_netapp_capacity_pool.TestMyModule" file="modules/test_azure_rm_netapp_capacity_pool.py" line="132" name="test_ensure_create_called" time="0.00279211997986"><skipped message="skipping as missing required azure_exceptions" type="pytest.skip">modules/test_azure_rm_netapp_capacity_pool.py:132: &lt;py._xmlgen.raw object at 0x5594b43d4d90&gt;</skipped></testcase><testcase classname="modules.test_azure_rm_netapp_capacity_pool.TestMyModule" file="modules/test_azure_rm_netapp_capacity_pool.py" line="120" name="test_ensure_get_called_non_existing_capacity_pool" time="0.00279092788696"><skipped message="skipping as missing required azure_exceptions" type="pytest.skip">modules/test_azure_rm_netapp_capacity_pool.py:120: &lt;py._xmlgen.raw object at 0x5594b43d4fd0&gt;</skipped></testcase><testcase classname="modules.test_azure_rm_netapp_capacity_pool.TestMyModule" file="modules/test_azure_rm_netapp_capacity_pool.py" line="110" name="test_ensure_get_called_valid_capacity_pool" time="0.00286984443665"><skipped message="skipping as missing required azure_exceptions" type="pytest.skip">modules/test_azure_rm_netapp_capacity_pool.py:110: &lt;py._xmlgen.raw object at 0x5594b43de250&gt;</skipped></testcase><testcase classname="modules.test_azure_rm_netapp_capacity_pool.TestMyModule" file="modules/test_azure_rm_netapp_capacity_pool.py" line="103" name="test_module_fail_when_required_args_missing" time="0.00302815437317"><skipped message="skipping as missing required azure_exceptions" type="pytest.skip">modules/test_azure_rm_netapp_capacity_pool.py:103: &lt;py._xmlgen.raw object at 0x5594b43de510&gt;</skipped></testcase><testcase classname="modules.test_azure_rm_netapp_snapshot.TestMyModule" file="modules/test_azure_rm_netapp_snapshot.py" line="122" name="test_ensure_create_called" time="0.00097393989563"><skipped message="skipping as missing required azure_exceptions" type="pytest.skip">modules/test_azure_rm_netapp_snapshot.py:122: &lt;py._xmlgen.raw object at 0x5594b43de6d0&gt;</skipped></testcase><testcase classname="modules.test_azure_rm_netapp_snapshot.TestMyModule" file="modules/test_azure_rm_netapp_snapshot.py" line="112" name="test_ensure_get_called_valid_snapshot" time="0.00111103057861"><skipped message="skipping as missing required azure_exceptions" type="pytest.skip">modules/test_azure_rm_netapp_snapshot.py:112: &lt;py._xmlgen.raw object at 0x5594b43de990&gt;</skipped></testcase><testcase classname="modules.test_azure_rm_netapp_snapshot.TestMyModule" file="modules/test_azure_rm_netapp_snapshot.py" line="140" name="test_ensure_delete_called" time="0.00170683860779"><skipped message="skipping as missing required azure_exceptions" type="pytest.skip">modules/test_azure_rm_netapp_snapshot.py:140: &lt;py._xmlgen.raw object at 0x5594b43deb50&gt;</skipped></testcase><testcase classname="modules.test_azure_rm_netapp_volume.TestMyModule" file="modules/test_azure_rm_netapp_volume.py" line="138" name="test_ensure_create_called" time="0.00115489959717"><skipped message="skipping as missing required azure_exceptions" type="pytest.skip">modules/test_azure_rm_netapp_volume.py:138: &lt;py._xmlgen.raw object at 0x5594b43dee10&gt;</skipped></testcase><testcase classname="modules.test_azure_rm_netapp_snapshot.TestMyModule" file="modules/test_azure_rm_netapp_snapshot.py" line="105" name="test_module_fail_when_required_args_missing" time="0.00116491317749"><skipped message="skipping as missing required azure_exceptions" type="pytest.skip">modules/test_azure_rm_netapp_snapshot.py:105: &lt;py._xmlgen.raw object at 0x5594b43defd0&gt;</skipped></testcase><testcase classname="modules.test_azure_rm_netapp_volume.TestMyModule" file="modules/test_azure_rm_netapp_volume.py" line="156" name="test_ensure_delete_called" time="0.00114989280701"><skipped message="skipping as missing required azure_exceptions" type="pytest.skip">modules/test_azure_rm_netapp_volume.py:156: &lt;py._xmlgen.raw object at 0x5594b43e92d0&gt;</skipped></testcase><testcase classname="modules.test_azure_rm_netapp_volume.TestMyModule" file="modules/test_azure_rm_netapp_volume.py" line="126" name="test_ensure_get_called_non_existing_volume" time="0.00115990638733"><skipped message="skipping as missing required azure_exceptions" type="pytest.skip">modules/test_azure_rm_netapp_volume.py:126: &lt;py._xmlgen.raw object at 0x5594b43e9490&gt;</skipped></testcase><testcase classname="modules.test_azure_rm_netapp_volume.TestMyModule" file="modules/test_azure_rm_netapp_volume.py" line="116" name="test_ensure_get_called_valid_volume" time="0.0013689994812"><skipped message="skipping as missing required azure_exceptions" type="pytest.skip">modules/test_azure_rm_netapp_volume.py:116: &lt;py._xmlgen.raw object at 0x5594b43debd0&gt;</skipped></testcase><testcase classname="modules.test_azure_rm_netapp_volume.TestMyModule" file="modules/test_azure_rm_netapp_volume.py" line="109" name="test_module_fail_when_required_args_missing" time="0.00120615959167"><skipped message="skipping as missing required azure_exceptions" type="pytest.skip">modules/test_azure_rm_netapp_volume.py:109: &lt;py._xmlgen.raw object at 0x5594b43de990&gt;</skipped></testcase></testsuite>