<?xml version="1.0" encoding="utf-8"?><testsuite errors="0" failures="0" name="pytest" skipped="0" tests="36" time="2.677"><testcase classname="module_utils.test_netapp_module.TestMyModule" file="module_utils/test_netapp_module.py" line="29" name="test_get_cd_action" time="0.005"></testcase><testcase classname="module_utils.test_netapp_module.TestMyModule" file="module_utils/test_netapp_module.py" line="13" name="test_get_cd_action_create" time="0.005"></testcase><testcase classname="module_utils.test_netapp_module.TestMyModule" file="module_utils/test_netapp_module.py" line="45" name="test_get_modified_attributes" time="0.003"></testcase><testcase classname="module_utils.test_netapp_module.TestMyModule" file="module_utils/test_netapp_module.py" line="21" name="test_get_cd_action_delete" time="0.003"></testcase><testcase classname="module_utils.test_netapp_module.TestMyModule" file="module_utils/test_netapp_module.py" line="85" name="test_get_modified_attributes_for_intersecting_list_of_dicts" time="0.003"></testcase><testcase classname="module_utils.test_netapp_module.TestMyModule" file="module_utils/test_netapp_module.py" line="61" name="test_get_modified_attributes_for_intersecting_list" time="0.003"></testcase><testcase classname="module_utils.test_netapp_module.TestMyModule" file="module_utils/test_netapp_module.py" line="101" name="test_get_modified_attributes_for_list_diff" time="0.003"></testcase><testcase classname="module_utils.test_netapp_module.TestMyModule" file="module_utils/test_netapp_module.py" line="53" name="test_get_modified_attributes_for_intersecting_mixed_list" time="0.003"></testcase><testcase classname="module_utils.test_netapp_module.TestMyModule" file="module_utils/test_netapp_module.py" line="109" name="test_get_modified_attributes_for_no_change" time="0.003"></testcase><testcase classname="module_utils.test_netapp_module.TestMyModule" file="module_utils/test_netapp_module.py" line="77" name="test_get_modified_attributes_for_list_of_dicts_no_data" time="0.003"></testcase><testcase classname="module_utils.test_netapp_module.TestMyModule" file="module_utils/test_netapp_module.py" line="37" name="test_get_modified_attributes_for_no_data" time="0.003"></testcase><testcase classname="module_utils.test_netapp_module.TestMyModule" file="module_utils/test_netapp_module.py" line="141" name="test_is_rename_action" time="0.003"></testcase><testcase classname="module_utils.test_netapp_module.TestMyModule" file="module_utils/test_netapp_module.py" line="69" name="test_get_modified_attributes_for_nonintersecting_list" time="0.003"></testcase><testcase classname="module_utils.test_netapp_module.TestMyModule" file="module_utils/test_netapp_module.py" line="93" name="test_get_modified_attributes_for_nonintersecting_list_of_dicts" time="0.003"></testcase><testcase classname="module_utils.test_netapp_module.TestMyModule" file="module_utils/test_netapp_module.py" line="117" name="test_is_rename_action_for_empty_input" time="0.003"></testcase><testcase classname="module_utils.test_netapp_module.TestMyModule" file="module_utils/test_netapp_module.py" line="125" name="test_is_rename_action_for_no_source" time="0.003"></testcase><testcase classname="modules.test_azure_rm_netapp_account.TestMyModule" file="modules/test_azure_rm_netapp_account.py" line="131" name="test_ensure_create_called" time="0.009"></testcase><testcase classname="module_utils.test_netapp_module.TestMyModule" file="module_utils/test_netapp_module.py" line="133" name="test_is_rename_action_for_no_target" time="0.003"></testcase><testcase classname="modules.test_azure_rm_netapp_account.TestMyModule" file="modules/test_azure_rm_netapp_account.py" line="150" name="test_ensure_delete_called" time="0.009"></testcase><testcase classname="modules.test_azure_rm_netapp_account.TestMyModule" file="modules/test_azure_rm_netapp_account.py" line="106" name="test_ensure_get_called_valid_account" time="0.008"></testcase><testcase classname="modules.test_azure_rm_netapp_account.TestMyModule" file="modules/test_azure_rm_netapp_account.py" line="118" name="test_ensure_get_called_non_existing_account" time="0.008"></testcase><testcase classname="modules.test_azure_rm_netapp_account.TestMyModule" file="modules/test_azure_rm_netapp_account.py" line="99" name="test_module_fail_when_required_args_missing" time="0.005"><system-out>Info: missing required arguments: resource_group, name
</system-out></testcase><testcase classname="modules.test_azure_rm_netapp_capacity_pool.TestMyModule" file="modules/test_azure_rm_netapp_capacity_pool.py" line="150" name="test_ensure_delete_called" time="0.009"></testcase><testcase classname="modules.test_azure_rm_netapp_capacity_pool.TestMyModule" file="modules/test_azure_rm_netapp_capacity_pool.py" line="132" name="test_ensure_create_called" time="0.009"></testcase><testcase classname="modules.test_azure_rm_netapp_capacity_pool.TestMyModule" file="modules/test_azure_rm_netapp_capacity_pool.py" line="120" name="test_ensure_get_called_non_existing_capacity_pool" time="0.008"></testcase><testcase classname="modules.test_azure_rm_netapp_capacity_pool.TestMyModule" file="modules/test_azure_rm_netapp_capacity_pool.py" line="110" name="test_ensure_get_called_valid_capacity_pool" time="0.008"></testcase><testcase classname="modules.test_azure_rm_netapp_capacity_pool.TestMyModule" file="modules/test_azure_rm_netapp_capacity_pool.py" line="103" name="test_module_fail_when_required_args_missing" time="0.005"><system-out>Info: missing required arguments: resource_group, name, account_name
</system-out></testcase><testcase classname="modules.test_azure_rm_netapp_snapshot.TestMyModule" file="modules/test_azure_rm_netapp_snapshot.py" line="122" name="test_ensure_create_called" time="0.009"></testcase><testcase classname="modules.test_azure_rm_netapp_snapshot.TestMyModule" file="modules/test_azure_rm_netapp_snapshot.py" line="140" name="test_ensure_delete_called" time="0.009"></testcase><testcase classname="modules.test_azure_rm_netapp_snapshot.TestMyModule" file="modules/test_azure_rm_netapp_snapshot.py" line="112" name="test_ensure_get_called_valid_snapshot" time="0.008"></testcase><testcase classname="modules.test_azure_rm_netapp_snapshot.TestMyModule" file="modules/test_azure_rm_netapp_snapshot.py" line="105" name="test_module_fail_when_required_args_missing" time="0.005"><system-out>Info: missing required arguments: resource_group, name, volume_name, pool_name, account_name
</system-out></testcase><testcase classname="modules.test_azure_rm_netapp_volume.TestMyModule" file="modules/test_azure_rm_netapp_volume.py" line="138" name="test_ensure_create_called" time="0.009"></testcase><testcase classname="modules.test_azure_rm_netapp_volume.TestMyModule" file="modules/test_azure_rm_netapp_volume.py" line="156" name="test_ensure_delete_called" time="0.009"></testcase><testcase classname="modules.test_azure_rm_netapp_volume.TestMyModule" file="modules/test_azure_rm_netapp_volume.py" line="126" name="test_ensure_get_called_non_existing_volume" time="0.008"></testcase><testcase classname="modules.test_azure_rm_netapp_volume.TestMyModule" file="modules/test_azure_rm_netapp_volume.py" line="116" name="test_ensure_get_called_valid_volume" time="0.008"></testcase><testcase classname="modules.test_azure_rm_netapp_volume.TestMyModule" file="modules/test_azure_rm_netapp_volume.py" line="109" name="test_module_fail_when_required_args_missing" time="0.005"><system-out>Info: missing required arguments: resource_group, name, pool_name, account_name
</system-out></testcase></testsuite>