<?xml version="1.0" encoding="utf-8"?><testsuite errors="0" failures="0" name="pytest" skips="19" tests="36" time="1.246"><testcase classname="module_utils.test_netapp_module.TestMyModule" file="module_utils/test_netapp_module.py" line="13" name="test_get_cd_action_create" time="0.00215911865234"></testcase><testcase classname="module_utils.test_netapp_module.TestMyModule" file="module_utils/test_netapp_module.py" line="29" name="test_get_cd_action" time="0.002201795578"></testcase><testcase classname="module_utils.test_netapp_module.TestMyModule" file="module_utils/test_netapp_module.py" line="45" name="test_get_modified_attributes" time="0.00201797485352"></testcase><testcase classname="module_utils.test_netapp_module.TestMyModule" file="module_utils/test_netapp_module.py" line="21" name="test_get_cd_action_delete" time="0.00205683708191"></testcase><testcase classname="module_utils.test_netapp_module.TestMyModule" file="module_utils/test_netapp_module.py" line="61" name="test_get_modified_attributes_for_intersecting_list" time="0.00190925598145"></testcase><testcase classname="module_utils.test_netapp_module.TestMyModule" file="module_utils/test_netapp_module.py" line="85" name="test_get_modified_attributes_for_intersecting_list_of_dicts" time="0.00352382659912"></testcase><testcase classname="module_utils.test_netapp_module.TestMyModule" file="module_utils/test_netapp_module.py" line="53" name="test_get_modified_attributes_for_intersecting_mixed_list" time="0.00168824195862"></testcase><testcase classname="module_utils.test_netapp_module.TestMyModule" file="module_utils/test_netapp_module.py" line="101" name="test_get_modified_attributes_for_list_diff" time="0.00189304351807"></testcase><testcase classname="module_utils.test_netapp_module.TestMyModule" file="module_utils/test_netapp_module.py" line="77" name="test_get_modified_attributes_for_list_of_dicts_no_data" time="0.00166511535645"></testcase><testcase classname="module_utils.test_netapp_module.TestMyModule" file="module_utils/test_netapp_module.py" line="109" name="test_get_modified_attributes_for_no_change" time="0.00179886817932"></testcase><testcase classname="module_utils.test_netapp_module.TestMyModule" file="module_utils/test_netapp_module.py" line="141" name="test_is_rename_action" time="0.00164890289307"></testcase><testcase classname="module_utils.test_netapp_module.TestMyModule" file="module_utils/test_netapp_module.py" line="37" name="test_get_modified_attributes_for_no_data" time="0.00193786621094"></testcase><testcase classname="module_utils.test_netapp_module.TestMyModule" file="module_utils/test_netapp_module.py" line="117" name="test_is_rename_action_for_empty_input" time="0.00381207466125"></testcase><testcase classname="module_utils.test_netapp_module.TestMyModule" file="module_utils/test_netapp_module.py" line="69" name="test_get_modified_attributes_for_nonintersecting_list" time="0.00178718566895"></testcase><testcase classname="module_utils.test_netapp_module.TestMyModule" file="module_utils/test_netapp_module.py" line="125" name="test_is_rename_action_for_no_source" time="0.00168180465698"></testcase><testcase classname="module_utils.test_netapp_module.TestMyModule" file="module_utils/test_netapp_module.py" line="93" name="test_get_modified_attributes_for_nonintersecting_list_of_dicts" time="0.00195908546448"></testcase><testcase classname="modules.test_azure_rm_netapp_account.TestMyModule" file="modules/test_azure_rm_netapp_account.py" line="131" name="test_ensure_create_called" time="0.00330018997192"><skipped message="skipping as missing required azure_exceptions" type="pytest.skip">modules/test_azure_rm_netapp_account.py:131: &lt;py._xmlgen.raw object at 0x5578255f3310&gt;</skipped></testcase><testcase classname="modules.test_azure_rm_netapp_account.TestMyModule" file="modules/test_azure_rm_netapp_account.py" line="150" name="test_ensure_delete_called" time="0.00363183021545"><skipped message="skipping as missing required azure_exceptions" type="pytest.skip">modules/test_azure_rm_netapp_account.py:150: &lt;py._xmlgen.raw object at 0x5578255f3590&gt;</skipped></testcase><testcase classname="modules.test_azure_rm_netapp_account.TestMyModule" file="modules/test_azure_rm_netapp_account.py" line="118" name="test_ensure_get_called_non_existing_account" time="0.00319671630859"><skipped message="skipping as missing required azure_exceptions" type="pytest.skip">modules/test_azure_rm_netapp_account.py:118: &lt;py._xmlgen.raw object at 0x5578255fa650&gt;</skipped></testcase><testcase classname="module_utils.test_netapp_module.TestMyModule" file="module_utils/test_netapp_module.py" line="133" name="test_is_rename_action_for_no_target" time="0.00372076034546"></testcase><testcase classname="modules.test_azure_rm_netapp_capacity_pool.TestMyModule" file="modules/test_azure_rm_netapp_capacity_pool.py" line="150" name="test_ensure_delete_called" time="0.00105619430542"><skipped message="skipping as missing required azure_exceptions" type="pytest.skip">modules/test_azure_rm_netapp_capacity_pool.py:150: &lt;py._xmlgen.raw object at 0x5578255f35d0&gt;</skipped></testcase><testcase classname="modules.test_azure_rm_netapp_capacity_pool.TestMyModule" file="modules/test_azure_rm_netapp_capacity_pool.py" line="120" name="test_ensure_get_called_non_existing_capacity_pool" time="0.00394296646118"><skipped message="skipping as missing required azure_exceptions" type="pytest.skip">modules/test_azure_rm_netapp_capacity_pool.py:120: &lt;py._xmlgen.raw object at 0x5578255f3810&gt;</skipped></testcase><testcase classname="modules.test_azure_rm_netapp_capacity_pool.TestMyModule" file="modules/test_azure_rm_netapp_capacity_pool.py" line="110" name="test_ensure_get_called_valid_capacity_pool" time="0.00410199165344"><skipped message="skipping as missing required azure_exceptions" type="pytest.skip">modules/test_azure_rm_netapp_capacity_pool.py:110: &lt;py._xmlgen.raw object at 0x5578255f3b50&gt;</skipped></testcase><testcase classname="modules.test_azure_rm_netapp_account.TestMyModule" file="modules/test_azure_rm_netapp_account.py" line="106" name="test_ensure_get_called_valid_account" time="0.00754594802856"><skipped message="skipping as missing required azure_exceptions" type="pytest.skip">modules/test_azure_rm_netapp_account.py:106: &lt;py._xmlgen.raw object at 0x5578255f3d10&gt;</skipped></testcase><testcase classname="modules.test_azure_rm_netapp_account.TestMyModule" file="modules/test_azure_rm_netapp_account.py" line="99" name="test_module_fail_when_required_args_missing" time="0.00642800331116"><skipped message="skipping as missing required azure_exceptions" type="pytest.skip">modules/test_azure_rm_netapp_account.py:99: &lt;py._xmlgen.raw object at 0x5578255f3ed0&gt;</skipped></testcase><testcase classname="modules.test_azure_rm_netapp_capacity_pool.TestMyModule" file="modules/test_azure_rm_netapp_capacity_pool.py" line="103" name="test_module_fail_when_required_args_missing" time="0.00146865844727"><skipped message="skipping as missing required azure_exceptions" type="pytest.skip">modules/test_azure_rm_netapp_capacity_pool.py:103: &lt;py._xmlgen.raw object at 0x5578255ff150&gt;</skipped></testcase><testcase classname="modules.test_azure_rm_netapp_capacity_pool.TestMyModule" file="modules/test_azure_rm_netapp_capacity_pool.py" line="132" name="test_ensure_create_called" time="0.00118398666382"><skipped message="skipping as missing required azure_exceptions" type="pytest.skip">modules/test_azure_rm_netapp_capacity_pool.py:132: &lt;py._xmlgen.raw object at 0x5578255ff410&gt;</skipped></testcase><testcase classname="modules.test_azure_rm_netapp_snapshot.TestMyModule" file="modules/test_azure_rm_netapp_snapshot.py" line="122" name="test_ensure_create_called" time="0.00353002548218"><skipped message="skipping as missing required azure_exceptions" type="pytest.skip">modules/test_azure_rm_netapp_snapshot.py:122: &lt;py._xmlgen.raw object at 0x5578255ff5d0&gt;</skipped></testcase><testcase classname="modules.test_azure_rm_netapp_snapshot.TestMyModule" file="modules/test_azure_rm_netapp_snapshot.py" line="140" name="test_ensure_delete_called" time="0.00144290924072"><skipped message="skipping as missing required azure_exceptions" type="pytest.skip">modules/test_azure_rm_netapp_snapshot.py:140: &lt;py._xmlgen.raw object at 0x5578255ff890&gt;</skipped></testcase><testcase classname="modules.test_azure_rm_netapp_snapshot.TestMyModule" file="modules/test_azure_rm_netapp_snapshot.py" line="112" name="test_ensure_get_called_valid_snapshot" time="0.00541090965271"><skipped message="skipping as missing required azure_exceptions" type="pytest.skip">modules/test_azure_rm_netapp_snapshot.py:112: &lt;py._xmlgen.raw object at 0x5578255ffa50&gt;</skipped></testcase><testcase classname="modules.test_azure_rm_netapp_volume.TestMyModule" file="modules/test_azure_rm_netapp_volume.py" line="138" name="test_ensure_create_called" time="0.00135111808777"><skipped message="skipping as missing required azure_exceptions" type="pytest.skip">modules/test_azure_rm_netapp_volume.py:138: &lt;py._xmlgen.raw object at 0x5578255ffd10&gt;</skipped></testcase><testcase classname="modules.test_azure_rm_netapp_snapshot.TestMyModule" file="modules/test_azure_rm_netapp_snapshot.py" line="105" name="test_module_fail_when_required_args_missing" time="0.00145196914673"><skipped message="skipping as missing required azure_exceptions" type="pytest.skip">modules/test_azure_rm_netapp_snapshot.py:105: &lt;py._xmlgen.raw object at 0x5578255ffed0&gt;</skipped></testcase><testcase classname="modules.test_azure_rm_netapp_volume.TestMyModule" file="modules/test_azure_rm_netapp_volume.py" line="126" name="test_ensure_get_called_non_existing_volume" time="0.00153088569641"><skipped message="skipping as missing required azure_exceptions" type="pytest.skip">modules/test_azure_rm_netapp_volume.py:126: &lt;py._xmlgen.raw object at 0x5578256051d0&gt;</skipped></testcase><testcase classname="modules.test_azure_rm_netapp_volume.TestMyModule" file="modules/test_azure_rm_netapp_volume.py" line="156" name="test_ensure_delete_called" time="0.00545907020569"><skipped message="skipping as missing required azure_exceptions" type="pytest.skip">modules/test_azure_rm_netapp_volume.py:156: &lt;py._xmlgen.raw object at 0x557825605390&gt;</skipped></testcase><testcase classname="modules.test_azure_rm_netapp_volume.TestMyModule" file="modules/test_azure_rm_netapp_volume.py" line="116" name="test_ensure_get_called_valid_volume" time="0.00145411491394"><skipped message="skipping as missing required azure_exceptions" type="pytest.skip">modules/test_azure_rm_netapp_volume.py:116: &lt;py._xmlgen.raw object at 0x5578255ffd50&gt;</skipped></testcase><testcase classname="modules.test_azure_rm_netapp_volume.TestMyModule" file="modules/test_azure_rm_netapp_volume.py" line="109" name="test_module_fail_when_required_args_missing" time="0.00131726264954"><skipped message="skipping as missing required azure_exceptions" type="pytest.skip">modules/test_azure_rm_netapp_volume.py:109: &lt;py._xmlgen.raw object at 0x5578255ff910&gt;</skipped></testcase></testsuite>