<?xml version="1.0" encoding="utf-8"?><testsuite errors="0" failures="0" name="pytest" skips="0" tests="673" time="36.873"><testcase classname="module_utils.test_netapp" file="module_utils/test_netapp.py" line="56" name="test_get_cserver" time="0.00247812271118"></testcase><testcase classname="module_utils.test_netapp" file="module_utils/test_netapp.py" line="45" name="test_ems_log_event_version" time="0.00269055366516"><system-out>Ansible version: 2.9.0b1.post0
</system-out></testcase><testcase classname="module_utils.test_netapp_module.TestMyModule" file="module_utils/test_netapp_module.py" line="29" name="test_get_cd_action" time="0.00194311141968"></testcase><testcase classname="module_utils.test_netapp_module.TestMyModule" file="module_utils/test_netapp_module.py" line="13" name="test_get_cd_action_create" time="0.00205731391907"></testcase><testcase classname="module_utils.test_netapp_module.TestMyModule" file="module_utils/test_netapp_module.py" line="21" name="test_get_cd_action_delete" time="0.00199341773987"></testcase><testcase classname="module_utils.test_netapp_module.TestMyModule" file="module_utils/test_netapp_module.py" line="45" name="test_get_modified_attributes" time="0.00216603279114"></testcase><testcase classname="module_utils.test_netapp_module.TestMyModule" file="module_utils/test_netapp_module.py" line="61" name="test_get_modified_attributes_for_intersecting_list" time="0.00201416015625"></testcase><testcase classname="module_utils.test_netapp_module.TestMyModule" file="module_utils/test_netapp_module.py" line="85" name="test_get_modified_attributes_for_intersecting_list_of_dicts" time="0.0020592212677"></testcase><testcase classname="module_utils.test_netapp_module.TestMyModule" file="module_utils/test_netapp_module.py" line="53" name="test_get_modified_attributes_for_intersecting_mixed_list" time="0.0021390914917"></testcase><testcase classname="module_utils.test_netapp_module.TestMyModule" file="module_utils/test_netapp_module.py" line="101" name="test_get_modified_attributes_for_list_diff" time="0.00204610824585"></testcase><testcase classname="module_utils.test_netapp_module.TestMyModule" file="module_utils/test_netapp_module.py" line="77" name="test_get_modified_attributes_for_list_of_dicts_no_data" time="0.00195002555847"></testcase><testcase classname="module_utils.test_netapp_module.TestMyModule" file="module_utils/test_netapp_module.py" line="109" name="test_get_modified_attributes_for_no_change" time="0.00197625160217"></testcase><testcase classname="module_utils.test_netapp_module.TestMyModule" file="module_utils/test_netapp_module.py" line="37" name="test_get_modified_attributes_for_no_data" time="0.00191307067871"></testcase><testcase classname="module_utils.test_netapp_module.TestMyModule" file="module_utils/test_netapp_module.py" line="69" name="test_get_modified_attributes_for_nonintersecting_list" time="0.00201272964478"></testcase><testcase classname="module_utils.test_netapp_module.TestMyModule" file="module_utils/test_netapp_module.py" line="93" name="test_get_modified_attributes_for_nonintersecting_list_of_dicts" time="0.00373673439026"></testcase><testcase classname="module_utils.test_netapp_module.TestMyModule" file="module_utils/test_netapp_module.py" line="141" name="test_is_rename_action" time="0.00200200080872"></testcase><testcase classname="module_utils.test_netapp_module.TestMyModule" file="module_utils/test_netapp_module.py" line="117" name="test_is_rename_action_for_empty_input" time="0.0019679069519"></testcase><testcase classname="module_utils.test_netapp_module.TestMyModule" file="module_utils/test_netapp_module.py" line="125" name="test_is_rename_action_for_no_source" time="0.00221085548401"></testcase><testcase classname="module_utils.test_netapp_module.TestMyModule" file="module_utils/test_netapp_module.py" line="133" name="test_is_rename_action_for_no_target" time="0.00186920166016"></testcase><testcase classname="modules.test_na_ontap_aggregate.TestMyModule" file="modules/test_na_ontap_aggregate.py" line="156" name="test_disks_list" time="0.00829100608826"><system-out>&lt;xml&gt;&lt;vserver-info&gt;&lt;vserver-name&gt;12&lt;/vserver-name&gt;&lt;/vserver-info&gt;&lt;attributes-list&gt;&lt;aggr-attributes&gt;&lt;aggregate-name&gt;test_name&lt;/aggregate-name&gt;&lt;aggr-raid-attributes&gt;&lt;state&gt;offline&lt;/state&gt;&lt;/aggr-raid-attributes&gt;&lt;/aggr-attributes&gt;&lt;object-store-information&gt;&lt;object-store-name&gt;abc&lt;/object-store-name&gt;&lt;/object-store-information&gt;&lt;/attributes-list&gt;&lt;num-records&gt;3&lt;/num-records&gt;&lt;/xml&gt;
</system-out></testcase><testcase classname="modules.test_na_ontap_aggregate.TestMyModule" file="modules/test_na_ontap_aggregate.py" line="195" name="test_if_all_methods_catch_exception" time="0.00756168365479"></testcase><testcase classname="modules.test_na_ontap_aggregate.TestMyModule" file="modules/test_na_ontap_aggregate.py" line="164" name="test_mirror_disks" time="0.00869798660278"><system-out>&lt;xml&gt;&lt;vserver-info&gt;&lt;vserver-name&gt;12&lt;/vserver-name&gt;&lt;/vserver-info&gt;&lt;attributes-list&gt;&lt;aggr-attributes&gt;&lt;aggregate-name&gt;test_name&lt;/aggregate-name&gt;&lt;aggr-raid-attributes&gt;&lt;state&gt;offline&lt;/state&gt;&lt;/aggr-raid-attributes&gt;&lt;/aggr-attributes&gt;&lt;object-store-information&gt;&lt;object-store-name&gt;abc&lt;/object-store-name&gt;&lt;/object-store-information&gt;&lt;/attributes-list&gt;&lt;num-records&gt;3&lt;/num-records&gt;&lt;/xml&gt;
</system-out></testcase><testcase classname="modules.test_na_ontap_aggregate.TestMyModule" file="modules/test_na_ontap_aggregate.py" line="148" name="test_is_mirrored" time="0.00837707519531"><system-out>&lt;xml&gt;&lt;vserver-info&gt;&lt;vserver-name&gt;12&lt;/vserver-name&gt;&lt;/vserver-info&gt;&lt;attributes-list&gt;&lt;aggr-attributes&gt;&lt;aggregate-name&gt;test_name&lt;/aggregate-name&gt;&lt;aggr-raid-attributes&gt;&lt;state&gt;offline&lt;/state&gt;&lt;/aggr-raid-attributes&gt;&lt;/aggr-attributes&gt;&lt;object-store-information&gt;&lt;object-store-name&gt;abc&lt;/object-store-name&gt;&lt;/object-store-information&gt;&lt;/attributes-list&gt;&lt;num-records&gt;3&lt;/num-records&gt;&lt;/xml&gt;
</system-out></testcase><testcase classname="modules.test_na_ontap_aggregate.TestMyModule" file="modules/test_na_ontap_aggregate.py" line="188" name="test_object_store" time="0.00902986526489"><system-out>&lt;xml&gt;&lt;vserver-info&gt;&lt;vserver-name&gt;12&lt;/vserver-name&gt;&lt;/vserver-info&gt;&lt;attributes-list&gt;&lt;aggr-attributes&gt;&lt;aggregate-name&gt;test_name&lt;/aggregate-name&gt;&lt;aggr-raid-attributes&gt;&lt;state&gt;offline&lt;/state&gt;&lt;/aggr-raid-attributes&gt;&lt;/aggr-attributes&gt;&lt;object-store-information&gt;&lt;object-store-name&gt;abc&lt;/object-store-name&gt;&lt;/object-store-information&gt;&lt;/attributes-list&gt;&lt;num-records&gt;3&lt;/num-records&gt;&lt;/xml&gt;
&lt;xml&gt;&lt;vserver-info&gt;&lt;vserver-name&gt;12&lt;/vserver-name&gt;&lt;/vserver-info&gt;&lt;attributes-list&gt;&lt;aggr-attributes&gt;&lt;aggregate-name&gt;test_name&lt;/aggregate-name&gt;&lt;aggr-raid-attributes&gt;&lt;state&gt;offline&lt;/state&gt;&lt;/aggr-raid-attributes&gt;&lt;/aggr-attributes&gt;&lt;object-store-information&gt;&lt;object-store-name&gt;abc&lt;/object-store-name&gt;&lt;/object-store-information&gt;&lt;/attributes-list&gt;&lt;num-records&gt;3&lt;/num-records&gt;&lt;/xml&gt;
</system-out></testcase><testcase classname="modules.test_na_ontap_aggregate.TestMyModule" file="modules/test_na_ontap_aggregate.py" line="141" name="test_module_fail_when_required_args_missing" time="0.00776720046997"><system-out>Info: missing required arguments: username, password, name, hostname
</system-out></testcase><testcase classname="modules.test_na_ontap_aggregate.TestMyModule" file="modules/test_na_ontap_aggregate.py" line="173" name="test_spare_pool" time="0.00666093826294"><system-out>&lt;xml&gt;&lt;vserver-info&gt;&lt;vserver-name&gt;12&lt;/vserver-name&gt;&lt;/vserver-info&gt;&lt;attributes-list&gt;&lt;aggr-attributes&gt;&lt;aggregate-name&gt;test_name&lt;/aggregate-name&gt;&lt;aggr-raid-attributes&gt;&lt;state&gt;offline&lt;/state&gt;&lt;/aggr-raid-attributes&gt;&lt;/aggr-attributes&gt;&lt;object-store-information&gt;&lt;object-store-name&gt;abc&lt;/object-store-name&gt;&lt;/object-store-information&gt;&lt;/attributes-list&gt;&lt;num-records&gt;3&lt;/num-records&gt;&lt;/xml&gt;
</system-out></testcase><testcase classname="modules.test_na_ontap_aggregate.TestMyModule" file="modules/test_na_ontap_aggregate.py" line="181" name="test_rename" time="0.008455991745"><system-out>&lt;xml&gt;&lt;vserver-info&gt;&lt;vserver-name&gt;12&lt;/vserver-name&gt;&lt;/vserver-info&gt;&lt;attributes-list&gt;&lt;aggr-attributes&gt;&lt;aggregate-name&gt;test_name&lt;/aggregate-name&gt;&lt;aggr-raid-attributes&gt;&lt;state&gt;offline&lt;/state&gt;&lt;/aggr-raid-attributes&gt;&lt;/aggr-attributes&gt;&lt;object-store-information&gt;&lt;object-store-name&gt;abc&lt;/object-store-name&gt;&lt;/object-store-information&gt;&lt;/attributes-list&gt;&lt;num-records&gt;3&lt;/num-records&gt;&lt;/xml&gt;
&lt;xml&gt;&lt;vserver-info&gt;&lt;vserver-name&gt;12&lt;/vserver-name&gt;&lt;/vserver-info&gt;&lt;attributes-list&gt;&lt;aggr-attributes&gt;&lt;aggregate-name&gt;test_name&lt;/aggregate-name&gt;&lt;aggr-raid-attributes&gt;&lt;state&gt;offline&lt;/state&gt;&lt;/aggr-raid-attributes&gt;&lt;/aggr-attributes&gt;&lt;object-store-information&gt;&lt;object-store-name&gt;abc&lt;/object-store-name&gt;&lt;/object-store-information&gt;&lt;/attributes-list&gt;&lt;num-records&gt;3&lt;/num-records&gt;&lt;/xml&gt;
</system-out></testcase><testcase classname="modules.test_na_ontap_autosupport.TestMyModule" file="modules/test_na_ontap_autosupport.py" line="143" name="test_enable_asup" time="0.00740504264832"></testcase><testcase classname="modules.test_na_ontap_autosupport.TestMyModule" file="modules/test_na_ontap_autosupport.py" line="151" name="test_disable_asup" time="0.00689291954041"></testcase><testcase classname="modules.test_na_ontap_autosupport.TestMyModule" file="modules/test_na_ontap_autosupport.py" line="203" name="test_modify_called" time="0.00862383842468"></testcase><testcase classname="modules.test_na_ontap_autosupport.TestMyModule" file="modules/test_na_ontap_autosupport.py" line="195" name="test_get_called" time="0.00860118865967"></testcase><testcase classname="modules.test_na_ontap_autosupport.TestMyModule" file="modules/test_na_ontap_autosupport.py" line="212" name="test_modify_not_called" time="0.00812792778015"></testcase><testcase classname="modules.test_na_ontap_autosupport.TestMyModule" file="modules/test_na_ontap_autosupport.py" line="184" name="test_modify_config" time="0.00844717025757"></testcase><testcase classname="modules.test_na_ontap_autosupport.TestMyModule" file="modules/test_na_ontap_autosupport.py" line="136" name="test_module_fail_when_required_args_missing" time="0.004310131073"><system-out>Info: missing required arguments: username, hostname, node_name, password
</system-out></testcase><testcase classname="modules.test_na_ontap_autosupport.TestMyModule" file="modules/test_na_ontap_autosupport.py" line="222" name="test_modify_packet" time="0.00665521621704"></testcase><testcase classname="modules.test_na_ontap_broadcast_domain.TestMyModule" file="modules/test_na_ontap_broadcast_domain.py" line="201" name="test_add_ports" time="0.0088963508606"></testcase><testcase classname="modules.test_na_ontap_autosupport.TestMyModule" file="modules/test_na_ontap_autosupport.py" line="161" name="test_result_from_get" time="0.00753307342529"></testcase><testcase classname="modules.test_na_ontap_broadcast_domain.TestMyModule" file="modules/test_na_ontap_broadcast_domain.py" line="174" name="test_create_idempotency" time="0.00744199752808"></testcase><testcase classname="modules.test_na_ontap_broadcast_domain.TestMyModule" file="modules/test_na_ontap_broadcast_domain.py" line="154" name="test_create_error_missing_broadcast_domain" time="0.00464487075806"></testcase><testcase classname="modules.test_na_ontap_broadcast_domain.TestMyModule" file="modules/test_na_ontap_broadcast_domain.py" line="148" name="test_get_nonexistent_net_route" time="0.00597786903381"></testcase><testcase classname="modules.test_na_ontap_broadcast_domain.TestMyModule" file="modules/test_na_ontap_broadcast_domain.py" line="212" name="test_delete_ports" time="0.00874710083008"></testcase><testcase classname="modules.test_na_ontap_broadcast_domain.TestMyModule" file="modules/test_na_ontap_broadcast_domain.py" line="182" name="test_modify_mtu" time="0.00759816169739"></testcase><testcase classname="modules.test_na_ontap_broadcast_domain.TestMyModule" file="modules/test_na_ontap_broadcast_domain.py" line="191" name="test_modify_ipspace_idempotency" time="0.00721788406372"></testcase><testcase classname="modules.test_na_ontap_broadcast_domain.TestMyModule" file="modules/test_na_ontap_broadcast_domain.py" line="223" name="test_split_broadcast_domain" time="0.00932121276855"></testcase><testcase classname="modules.test_na_ontap_broadcast_domain.TestMyModule" file="modules/test_na_ontap_broadcast_domain.py" line="141" name="test_module_fail_when_required_args_missing" time="0.00470089912415"><system-out>Info: missing required arguments: username, name, hostname, password
</system-out></testcase><testcase classname="modules.test_na_ontap_broadcast_domain.TestMyModule" file="modules/test_na_ontap_broadcast_domain.py" line="250" name="test_split_broadcast_domain_modify_delete" time="0.0095329284668"></testcase><testcase classname="modules.test_na_ontap_broadcast_domain.TestMyModule" file="modules/test_na_ontap_broadcast_domain.py" line="297" name="test_split_broadcast_domain_idempotency" time="0.00857782363892"></testcase><testcase classname="modules.test_na_ontap_broadcast_domain.TestMyModule" file="modules/test_na_ontap_broadcast_domain.py" line="164" name="test_successful_create" time="0.00806212425232"></testcase><testcase classname="modules.test_na_ontap_broadcast_domain.TestMyModule" file="modules/test_na_ontap_broadcast_domain.py" line="279" name="test_split_broadcast_domain_not_exist" time="0.00806784629822"></testcase><testcase classname="modules.test_na_ontap_cg_snapshot.TestMyModule" file="modules/test_na_ontap_cg_snapshot.py" line="92" name="test_module_fail_when_required_args_missing" time="0.00484395027161"><system-out>Info: missing required arguments: username, volumes, hostname, vserver, snapshot, password
</system-out></testcase><testcase classname="modules.test_na_ontap_cg_snapshot.TestMyModule" file="modules/test_na_ontap_cg_snapshot.py" line="99" name="test_ensure_command_called" time="0.00687313079834"></testcase><testcase classname="modules.test_na_ontap_cifs.TestMyModule" file="modules/test_na_ontap_cifs.py" line="182" name="test_cifs_delete_called" time="0.00832509994507"><system-out>&lt;xml&gt;&lt;attributes-list&gt;&lt;cifs-share&gt;&lt;share-name&gt;test&lt;/share-name&gt;&lt;symlink-properties&gt;&lt;cifs-share-symlink-properties&gt;enable&lt;/cifs-share-symlink-properties&gt;&lt;cifs-share-symlink-properties&gt;read_only&lt;/cifs-share-symlink-properties&gt;&lt;/symlink-properties&gt;&lt;vscan-fileop-profile&gt;standard&lt;/vscan-fileop-profile&gt;&lt;share-properties&gt;&lt;cifs-share-properties&gt;browsable&lt;/cifs-share-properties&gt;&lt;cifs-share-properties&gt;oplocks&lt;/cifs-share-properties&gt;&lt;/share-properties&gt;&lt;path&gt;/test&lt;/path&gt;&lt;/cifs-share&gt;&lt;/attributes-list&gt;&lt;num-records&gt;1&lt;/num-records&gt;&lt;/xml&gt;
&lt;xml&gt;&lt;attributes-list&gt;&lt;cifs-share&gt;&lt;share-name&gt;test&lt;/share-name&gt;&lt;symlink-properties&gt;&lt;cifs-share-symlink-properties&gt;enable&lt;/cifs-share-symlink-properties&gt;&lt;cifs-share-symlink-properties&gt;read_only&lt;/cifs-share-symlink-properties&gt;&lt;/symlink-properties&gt;&lt;vscan-fileop-profile&gt;standard&lt;/vscan-fileop-profile&gt;&lt;share-properties&gt;&lt;cifs-share-properties&gt;browsable&lt;/cifs-share-properties&gt;&lt;cifs-share-properties&gt;oplocks&lt;/cifs-share-properties&gt;&lt;/share-properties&gt;&lt;path&gt;/test&lt;/path&gt;&lt;/cifs-share&gt;&lt;/attributes-list&gt;&lt;num-records&gt;1&lt;/num-records&gt;&lt;/xml&gt;
Info: test_cifs_apply: AnsibleExitJson({&apos;changed&apos;: True},)
</system-out></testcase><testcase classname="modules.test_na_ontap_cifs.TestMyModule" file="modules/test_na_ontap_cifs.py" line="168" name="test_cifs_create_called" time="0.00867509841919"><system-out>Info: test_cifs_apply: AnsibleExitJson({&apos;changed&apos;: True},)
</system-out></testcase><testcase classname="modules.test_na_ontap_cifs.TestMyModule" file="modules/test_na_ontap_cifs.py" line="149" name="test_ensure_apply_for_cifs_called" time="0.00844883918762"><system-out>Info: test_cifs_apply: AnsibleExitJson({&apos;changed&apos;: True},)
&lt;xml&gt;&lt;attributes-list&gt;&lt;cifs-share&gt;&lt;share-name&gt;test&lt;/share-name&gt;&lt;symlink-properties&gt;&lt;cifs-share-symlink-properties&gt;enable&lt;/cifs-share-symlink-properties&gt;&lt;cifs-share-symlink-properties&gt;read_only&lt;/cifs-share-symlink-properties&gt;&lt;/symlink-properties&gt;&lt;vscan-fileop-profile&gt;standard&lt;/vscan-fileop-profile&gt;&lt;share-properties&gt;&lt;cifs-share-properties&gt;browsable&lt;/cifs-share-properties&gt;&lt;cifs-share-properties&gt;oplocks&lt;/cifs-share-properties&gt;&lt;/share-properties&gt;&lt;path&gt;/test&lt;/path&gt;&lt;/cifs-share&gt;&lt;/attributes-list&gt;&lt;num-records&gt;1&lt;/num-records&gt;&lt;/xml&gt;
&lt;xml&gt;&lt;attributes-list&gt;&lt;cifs-share&gt;&lt;share-name&gt;test&lt;/share-name&gt;&lt;symlink-properties&gt;&lt;cifs-share-symlink-properties&gt;enable&lt;/cifs-share-symlink-properties&gt;&lt;cifs-share-symlink-properties&gt;read_only&lt;/cifs-share-symlink-properties&gt;&lt;/symlink-properties&gt;&lt;vscan-fileop-profile&gt;standard&lt;/vscan-fileop-profile&gt;&lt;share-properties&gt;&lt;cifs-share-properties&gt;browsable&lt;/cifs-share-properties&gt;&lt;cifs-share-properties&gt;oplocks&lt;/cifs-share-properties&gt;&lt;/share-properties&gt;&lt;path&gt;/test&lt;/path&gt;&lt;/cifs-share&gt;&lt;/attributes-list&gt;&lt;num-records&gt;1&lt;/num-records&gt;&lt;/xml&gt;
&lt;xml&gt;&lt;attributes-list&gt;&lt;cifs-share&gt;&lt;share-name&gt;test&lt;/share-name&gt;&lt;symlink-properties&gt;&lt;cifs-share-symlink-properties&gt;enable&lt;/cifs-share-symlink-properties&gt;&lt;cifs-share-symlink-properties&gt;read_only&lt;/cifs-share-symlink-properties&gt;&lt;/symlink-properties&gt;&lt;vscan-fileop-profile&gt;standard&lt;/vscan-fileop-profile&gt;&lt;share-properties&gt;&lt;cifs-share-properties&gt;browsable&lt;/cifs-share-properties&gt;&lt;cifs-share-properties&gt;oplocks&lt;/cifs-share-properties&gt;&lt;/share-properties&gt;&lt;path&gt;/test&lt;/path&gt;&lt;/cifs-share&gt;&lt;/attributes-list&gt;&lt;num-records&gt;1&lt;/num-records&gt;&lt;/xml&gt;
Info: test_cifs_apply: AnsibleExitJson({&apos;changed&apos;: True},)
</system-out></testcase><testcase classname="modules.test_na_ontap_cifs.TestMyModule" file="modules/test_na_ontap_cifs.py" line="211" name="test_if_all_methods_catch_exception" time="0.00807690620422"></testcase><testcase classname="modules.test_na_ontap_cifs.TestMyModule" file="modules/test_na_ontap_cifs.py" line="197" name="test_cifs_modify_called" time="0.0095009803772"><system-out>&lt;xml&gt;&lt;attributes-list&gt;&lt;cifs-share&gt;&lt;share-name&gt;test&lt;/share-name&gt;&lt;symlink-properties&gt;&lt;cifs-share-symlink-properties&gt;enable&lt;/cifs-share-symlink-properties&gt;&lt;cifs-share-symlink-properties&gt;read_only&lt;/cifs-share-symlink-properties&gt;&lt;/symlink-properties&gt;&lt;vscan-fileop-profile&gt;standard&lt;/vscan-fileop-profile&gt;&lt;share-properties&gt;&lt;cifs-share-properties&gt;browsable&lt;/cifs-share-properties&gt;&lt;cifs-share-properties&gt;oplocks&lt;/cifs-share-properties&gt;&lt;/share-properties&gt;&lt;path&gt;/test&lt;/path&gt;&lt;/cifs-share&gt;&lt;/attributes-list&gt;&lt;num-records&gt;1&lt;/num-records&gt;&lt;/xml&gt;
&lt;xml&gt;&lt;attributes-list&gt;&lt;cifs-share&gt;&lt;share-name&gt;test&lt;/share-name&gt;&lt;symlink-properties&gt;&lt;cifs-share-symlink-properties&gt;enable&lt;/cifs-share-symlink-properties&gt;&lt;cifs-share-symlink-properties&gt;read_only&lt;/cifs-share-symlink-properties&gt;&lt;/symlink-properties&gt;&lt;vscan-fileop-profile&gt;standard&lt;/vscan-fileop-profile&gt;&lt;share-properties&gt;&lt;cifs-share-properties&gt;browsable&lt;/cifs-share-properties&gt;&lt;cifs-share-properties&gt;oplocks&lt;/cifs-share-properties&gt;&lt;/share-properties&gt;&lt;path&gt;/test&lt;/path&gt;&lt;/cifs-share&gt;&lt;/attributes-list&gt;&lt;num-records&gt;1&lt;/num-records&gt;&lt;/xml&gt;
Info: test_cifs_apply: AnsibleExitJson({&apos;changed&apos;: True},)
</system-out></testcase><testcase classname="modules.test_na_ontap_cifs_server.TestMyModule" file="modules/test_na_ontap_cifs_server.py" line="131" name="test_ensure_cifs_server_apply_for_create_called" time="0.00811719894409"><system-out>Info: test_cifs_server_apply: AnsibleExitJson({&apos;changed&apos;: True},)
&lt;xml&gt;&lt;attributes-list&gt;&lt;cifs-server-config&gt;&lt;administrative-status&gt;up&lt;/administrative-status&gt;&lt;cifs-server&gt;create&lt;/cifs-server&gt;&lt;/cifs-server-config&gt;&lt;/attributes-list&gt;&lt;num-records&gt;1&lt;/num-records&gt;&lt;/xml&gt;
&lt;xml&gt;&lt;attributes-list&gt;&lt;cifs-server-config&gt;&lt;administrative-status&gt;up&lt;/administrative-status&gt;&lt;cifs-server&gt;create&lt;/cifs-server&gt;&lt;/cifs-server-config&gt;&lt;/attributes-list&gt;&lt;num-records&gt;1&lt;/num-records&gt;&lt;/xml&gt;
Info: test_cifs_server_apply_for_create: AnsibleExitJson({&apos;changed&apos;: False},)
</system-out></testcase><testcase classname="modules.test_na_ontap_cifs.TestMyModule" file="modules/test_na_ontap_cifs.py" line="140" name="test_ensure_cifs_get_called" time="0.00736165046692"><system-out>Info: test_cifs_share_get: None
</system-out></testcase><testcase classname="modules.test_na_ontap_cifs_server.TestMyModule" file="modules/test_na_ontap_cifs_server.py" line="122" name="test_ensure_cifs_server_get_called" time="0.00719475746155"><system-out>Info: test_cifs_server_get: None
</system-out></testcase><testcase classname="modules.test_na_ontap_cifs.TestMyModule" file="modules/test_na_ontap_cifs.py" line="133" name="test_module_fail_when_required_args_missing" time="0.00480318069458"><system-out>Info: missing required arguments: username, share_name, hostname, vserver, password
</system-out></testcase><testcase classname="modules.test_na_ontap_cifs_server.TestMyModule" file="modules/test_na_ontap_cifs_server.py" line="198" name="test_ensure_stop_cifs_server_called" time="0.00888776779175"><system-out>&lt;xml&gt;&lt;attributes-list&gt;&lt;cifs-server-config&gt;&lt;administrative-status&gt;down&lt;/administrative-status&gt;&lt;cifs-server&gt;test&lt;/cifs-server&gt;&lt;/cifs-server-config&gt;&lt;/attributes-list&gt;&lt;num-records&gt;1&lt;/num-records&gt;&lt;/xml&gt;
&lt;xml&gt;&lt;attributes-list&gt;&lt;cifs-server-config&gt;&lt;administrative-status&gt;down&lt;/administrative-status&gt;&lt;cifs-server&gt;test&lt;/cifs-server&gt;&lt;/cifs-server-config&gt;&lt;/attributes-list&gt;&lt;num-records&gt;1&lt;/num-records&gt;&lt;/xml&gt;
Info: test_ensure_stop_cifs_server: AnsibleExitJson({&apos;changed&apos;: False},)
&lt;xml&gt;&lt;attributes-list&gt;&lt;cifs-server-config&gt;&lt;administrative-status&gt;down&lt;/administrative-status&gt;&lt;cifs-server&gt;test&lt;/cifs-server&gt;&lt;/cifs-server-config&gt;&lt;/attributes-list&gt;&lt;num-records&gt;1&lt;/num-records&gt;&lt;/xml&gt;
&lt;xml&gt;&lt;attributes-list&gt;&lt;cifs-server-config&gt;&lt;administrative-status&gt;down&lt;/administrative-status&gt;&lt;cifs-server&gt;test&lt;/cifs-server&gt;&lt;/cifs-server-config&gt;&lt;/attributes-list&gt;&lt;num-records&gt;1&lt;/num-records&gt;&lt;/xml&gt;
&lt;xml&gt;&lt;attributes-list&gt;&lt;cifs-server-config&gt;&lt;administrative-status&gt;down&lt;/administrative-status&gt;&lt;cifs-server&gt;test&lt;/cifs-server&gt;&lt;/cifs-server-config&gt;&lt;/attributes-list&gt;&lt;num-records&gt;1&lt;/num-records&gt;&lt;/xml&gt;
Info: test_ensure_stop_cifs_server: AnsibleExitJson({&apos;changed&apos;: True},)
</system-out></testcase><testcase classname="modules.test_na_ontap_cifs_server.TestMyModule" file="modules/test_na_ontap_cifs_server.py" line="151" name="test_ensure_cifs_server_apply_for_delete_called" time="0.0112619400024"><system-out>&lt;xml&gt;&lt;attributes-list&gt;&lt;cifs-server-config&gt;&lt;administrative-status&gt;up&lt;/administrative-status&gt;&lt;cifs-server&gt;delete&lt;/cifs-server&gt;&lt;/cifs-server-config&gt;&lt;/attributes-list&gt;&lt;num-records&gt;1&lt;/num-records&gt;&lt;/xml&gt;
&lt;xml&gt;&lt;attributes-list&gt;&lt;cifs-server-config&gt;&lt;administrative-status&gt;up&lt;/administrative-status&gt;&lt;cifs-server&gt;delete&lt;/cifs-server&gt;&lt;/cifs-server-config&gt;&lt;/attributes-list&gt;&lt;num-records&gt;1&lt;/num-records&gt;&lt;/xml&gt;
Info: test_cifs_server_apply: AnsibleExitJson({&apos;changed&apos;: False},)
&lt;xml&gt;&lt;attributes-list&gt;&lt;cifs-server-config&gt;&lt;administrative-status&gt;up&lt;/administrative-status&gt;&lt;cifs-server&gt;delete&lt;/cifs-server&gt;&lt;/cifs-server-config&gt;&lt;/attributes-list&gt;&lt;num-records&gt;1&lt;/num-records&gt;&lt;/xml&gt;
&lt;xml&gt;&lt;attributes-list&gt;&lt;cifs-server-config&gt;&lt;administrative-status&gt;up&lt;/administrative-status&gt;&lt;cifs-server&gt;delete&lt;/cifs-server&gt;&lt;/cifs-server-config&gt;&lt;/attributes-list&gt;&lt;num-records&gt;1&lt;/num-records&gt;&lt;/xml&gt;
&lt;xml&gt;&lt;attributes-list&gt;&lt;cifs-server-config&gt;&lt;administrative-status&gt;up&lt;/administrative-status&gt;&lt;cifs-server&gt;delete&lt;/cifs-server&gt;&lt;/cifs-server-config&gt;&lt;/attributes-list&gt;&lt;num-records&gt;1&lt;/num-records&gt;&lt;/xml&gt;
Info: test_cifs_server_delete: AnsibleExitJson({&apos;changed&apos;: True},)
</system-out></testcase><testcase classname="modules.test_na_ontap_cluster.TestMyModule" file="modules/test_na_ontap_cluster.py" line="161" name="test_cluster_create_called" time="0.00888299942017"><system-out>&lt;xml&gt;&lt;license-v2-status&gt;&lt;method&gt;site&lt;/method&gt;&lt;package&gt;cifs&lt;/package&gt;&lt;/license-v2-status&gt;&lt;/xml&gt;
&lt;xml&gt;&lt;license-v2-status&gt;&lt;method&gt;site&lt;/method&gt;&lt;package&gt;cifs&lt;/package&gt;&lt;/license-v2-status&gt;&lt;/xml&gt;
&lt;xml&gt;&lt;license-v2-status&gt;&lt;method&gt;site&lt;/method&gt;&lt;package&gt;cifs&lt;/package&gt;&lt;/license-v2-status&gt;&lt;/xml&gt;
&lt;xml&gt;&lt;license-v2-status&gt;&lt;method&gt;site&lt;/method&gt;&lt;package&gt;cifs&lt;/package&gt;&lt;/license-v2-status&gt;&lt;/xml&gt;
Info: test_cluster_apply: AnsibleExitJson({&apos;changed&apos;: &lt;MagicMock name=&apos;create_cluster()&apos; id=&apos;94263185128400&apos;&gt;},)
</system-out></testcase><testcase classname="modules.test_na_ontap_cifs_server.TestMyModule" file="modules/test_na_ontap_cifs_server.py" line="174" name="test_ensure_start_cifs_server_called" time="0.0110561847687"><system-out>&lt;xml&gt;&lt;attributes-list&gt;&lt;cifs-server-config&gt;&lt;administrative-status&gt;up&lt;/administrative-status&gt;&lt;cifs-server&gt;test&lt;/cifs-server&gt;&lt;/cifs-server-config&gt;&lt;/attributes-list&gt;&lt;num-records&gt;1&lt;/num-records&gt;&lt;/xml&gt;
&lt;xml&gt;&lt;attributes-list&gt;&lt;cifs-server-config&gt;&lt;administrative-status&gt;up&lt;/administrative-status&gt;&lt;cifs-server&gt;test&lt;/cifs-server&gt;&lt;/cifs-server-config&gt;&lt;/attributes-list&gt;&lt;num-records&gt;1&lt;/num-records&gt;&lt;/xml&gt;
Info: test_ensure_start_cifs_server: AnsibleExitJson({&apos;changed&apos;: False},)
&lt;xml&gt;&lt;attributes-list&gt;&lt;cifs-server-config&gt;&lt;administrative-status&gt;up&lt;/administrative-status&gt;&lt;cifs-server&gt;test&lt;/cifs-server&gt;&lt;/cifs-server-config&gt;&lt;/attributes-list&gt;&lt;num-records&gt;1&lt;/num-records&gt;&lt;/xml&gt;
&lt;xml&gt;&lt;attributes-list&gt;&lt;cifs-server-config&gt;&lt;administrative-status&gt;up&lt;/administrative-status&gt;&lt;cifs-server&gt;test&lt;/cifs-server&gt;&lt;/cifs-server-config&gt;&lt;/attributes-list&gt;&lt;num-records&gt;1&lt;/num-records&gt;&lt;/xml&gt;
&lt;xml&gt;&lt;attributes-list&gt;&lt;cifs-server-config&gt;&lt;administrative-status&gt;up&lt;/administrative-status&gt;&lt;cifs-server&gt;test&lt;/cifs-server&gt;&lt;/cifs-server-config&gt;&lt;/attributes-list&gt;&lt;num-records&gt;1&lt;/num-records&gt;&lt;/xml&gt;
Info: test_ensure_start_cifs_server: AnsibleExitJson({&apos;changed&apos;: True},)
</system-out></testcase><testcase classname="modules.test_na_ontap_cluster.TestMyModule" file="modules/test_na_ontap_cluster.py" line="132" name="test_ensure_license_get_called" time="0.00671410560608"><system-out>Info: test_license_get: {}
</system-out></testcase><testcase classname="modules.test_na_ontap_cifs_server.TestMyModule" file="modules/test_na_ontap_cifs_server.py" line="115" name="test_module_fail_when_required_args_missing" time="0.0053448677063"><system-out>Info: missing required arguments: username, hostname, vserver, password, name
</system-out></testcase><testcase classname="modules.test_na_ontap_cluster.TestMyModule" file="modules/test_na_ontap_cluster.py" line="125" name="test_module_fail_when_required_args_missing" time="0.00559711456299"><system-out>Info: missing required arguments: username, hostname, password
</system-out></testcase><testcase classname="modules.test_na_ontap_cluster.TestMyModule" file="modules/test_na_ontap_cluster.py" line="141" name="test_ensure_apply_for_cluster_called" time="0.0100958347321"><system-out>Info: test_cluster_apply: AnsibleExitJson({&apos;changed&apos;: True},)
&lt;xml&gt;&lt;license-v2-status&gt;&lt;method&gt;site&lt;/method&gt;&lt;package&gt;cifs&lt;/package&gt;&lt;/license-v2-status&gt;&lt;/xml&gt;
&lt;xml&gt;&lt;license-v2-status&gt;&lt;method&gt;site&lt;/method&gt;&lt;package&gt;cifs&lt;/package&gt;&lt;/license-v2-status&gt;&lt;/xml&gt;
&lt;xml&gt;&lt;license-v2-status&gt;&lt;method&gt;site&lt;/method&gt;&lt;package&gt;cifs&lt;/package&gt;&lt;/license-v2-status&gt;&lt;/xml&gt;
&lt;xml&gt;&lt;license-v2-status&gt;&lt;method&gt;site&lt;/method&gt;&lt;package&gt;cifs&lt;/package&gt;&lt;/license-v2-status&gt;&lt;/xml&gt;
&lt;xml&gt;&lt;license-v2-status&gt;&lt;method&gt;site&lt;/method&gt;&lt;package&gt;cifs&lt;/package&gt;&lt;/license-v2-status&gt;&lt;/xml&gt;
Info: test_cluster_apply: AnsibleExitJson({&apos;changed&apos;: True},)
</system-out></testcase><testcase classname="modules.test_na_ontap_cluster_peer.TestMyModule" file="modules/test_na_ontap_cluster_peer.py" line="197" name="test_delete_idempotency" time="0.00864410400391"></testcase><testcase classname="modules.test_na_ontap_cluster.TestMyModule" file="modules/test_na_ontap_cluster.py" line="176" name="test_if_all_methods_catch_exception" time="0.0097827911377"></testcase><testcase classname="modules.test_na_ontap_cluster_peer.TestMyModule" file="modules/test_na_ontap_cluster_peer.py" line="142" name="test_successful_create" time="0.00708818435669"></testcase><testcase classname="modules.test_na_ontap_cluster_peer.TestMyModule" file="modules/test_na_ontap_cluster_peer.py" line="154" name="test_create_idempotency" time="0.00862503051758"></testcase><testcase classname="modules.test_na_ontap_command.TestMyModule" file="modules/test_na_ontap_command.py" line="147" name="test_admin_priv" time="0.00632309913635"><system-out>Version (raw): &lt;results&gt;&lt;cli-output&gt;NetApp Release&lt;/cli-output&gt;&lt;/results&gt;
</system-out></testcase><testcase classname="modules.test_na_ontap_cluster_peer.TestMyModule" file="modules/test_na_ontap_cluster_peer.py" line="135" name="test_module_fail_when_required_args_missing" time="0.00475668907166"><system-out>Info: missing required arguments: username, hostname, dest_hostname, password
</system-out></testcase><testcase classname="modules.test_na_ontap_command.TestMyModule" file="modules/test_na_ontap_command.py" line="137" name="test_default_priv" time="0.00755262374878"><system-out>Version (raw): &lt;results&gt;&lt;cli-output&gt;NetApp Release&lt;/cli-output&gt;&lt;/results&gt;
</system-out></testcase><testcase classname="modules.test_na_ontap_cluster_peer.TestMyModule" file="modules/test_na_ontap_cluster_peer.py" line="174" name="test_successful_delete" time="0.00717997550964"></testcase><testcase classname="modules.test_na_ontap_dns.TestMyModule" file="modules/test_na_ontap_dns.py" line="160" name="test_idempotent_create_dns" time="0.0119159221649"></testcase><testcase classname="modules.test_na_ontap_command.TestMyModule" file="modules/test_na_ontap_command.py" line="158" name="test_advanced_priv" time="0.00773406028748"><system-out>Version (raw): &lt;results&gt;&lt;cli-output&gt;
NetApp Release&lt;/cli-output&gt;&lt;/results&gt;
</system-out></testcase><testcase classname="modules.test_na_ontap_dns.TestMyModule" file="modules/test_na_ontap_dns.py" line="138" name="test_module_fail_when_required_args_missing" time="0.00432777404785"><system-out>Info: missing required arguments: username, hostname, vserver, password
</system-out></testcase><testcase classname="modules.test_na_ontap_command.TestMyModule" file="modules/test_na_ontap_command.py" line="97" name="test_module_fail_when_required_args_missing" time="0.00569176673889"><system-out>Info: missing required arguments: username, hostname, command, password
</system-out></testcase><testcase classname="modules.test_na_ontap_dns.TestMyModule" file="modules/test_na_ontap_dns.py" line="205" name="test_rest_idempotent_create_dns" time="0.00626993179321"></testcase><testcase classname="modules.test_na_ontap_dns.TestMyModule" file="modules/test_na_ontap_dns.py" line="145" name="test_idempotent_modify_dns" time="0.0123381614685"></testcase><testcase classname="modules.test_na_ontap_dns.TestMyModule" file="modules/test_na_ontap_dns.py" line="262" name="test_rest_idempotently_modify" time="0.00654888153076"></testcase><testcase classname="modules.test_na_ontap_dns.TestMyModule" file="modules/test_na_ontap_dns.py" line="178" name="test_rest_error" time="0.00706505775452"></testcase><testcase classname="modules.test_na_ontap_dns.TestMyModule" file="modules/test_na_ontap_dns.py" line="218" name="test_rest_successfully_destroy" time="0.00724387168884"></testcase><testcase classname="modules.test_na_ontap_dns.TestMyModule" file="modules/test_na_ontap_dns.py" line="233" name="test_rest_idempotently_destroy" time="0.00619268417358"></testcase><testcase classname="modules.test_na_ontap_dns.TestMyModule" file="modules/test_na_ontap_dns.py" line="168" name="test_successfully_create_dns" time="0.014237165451"><system-out>create dns
</system-out></testcase><testcase classname="modules.test_na_ontap_dns.TestMyModule" file="modules/test_na_ontap_dns.py" line="191" name="test_rest_successfully_create" time="0.00685811042786"></testcase><testcase classname="modules.test_na_ontap_efficiency_policy.TestMyModule" file="modules/test_na_ontap_efficiency_policy.py" line="168" name="test_create_idempotency" time="0.00793695449829"></testcase><testcase classname="modules.test_na_ontap_dns.TestMyModule" file="modules/test_na_ontap_dns.py" line="247" name="test_rest_successfully_modify" time="0.00688409805298"></testcase><testcase classname="modules.test_na_ontap_efficiency_policy.TestMyModule" file="modules/test_na_ontap_efficiency_policy.py" line="157" name="test_get_existing_scanner" time="0.00680422782898"></testcase><testcase classname="modules.test_na_ontap_dns.TestMyModule" file="modules/test_na_ontap_dns.py" line="152" name="test_successfully_modify_dns" time="0.0126311779022"></testcase><testcase classname="modules.test_na_ontap_efficiency_policy.TestMyModule" file="modules/test_na_ontap_efficiency_policy.py" line="145" name="test_module_fail_when_required_args_missing" time="0.00454187393188"><system-out>Info: missing required arguments: username, hostname, policy_name, vserver, password
</system-out></testcase><testcase classname="modules.test_na_ontap_efficiency_policy.TestMyModule" file="modules/test_na_ontap_efficiency_policy.py" line="198" name="test_delete_idempotency" time="0.00685286521912"></testcase><testcase classname="modules.test_na_ontap_efficiency_policy.TestMyModule" file="modules/test_na_ontap_efficiency_policy.py" line="162" name="test_successfully_create" time="0.00682997703552"></testcase><testcase classname="modules.test_na_ontap_efficiency_policy.TestMyModule" file="modules/test_na_ontap_efficiency_policy.py" line="152" name="test_get_nonexistent_efficiency_policy" time="0.00663590431213"></testcase><testcase classname="modules.test_na_ontap_efficiency_policy.TestMyModule" file="modules/test_na_ontap_efficiency_policy.py" line="174" name="test_threshold_duration_failure" time="0.00604701042175"></testcase><testcase classname="modules.test_na_ontap_efficiency_policy.TestMyModule" file="modules/test_na_ontap_efficiency_policy.py" line="206" name="test_successful_modify" time="0.00991010665894"></testcase><testcase classname="modules.test_na_ontap_export_policy.TestMyModule" file="modules/test_na_ontap_export_policy.py" line="143" name="test_module_fail_when_required_args_missing" time="0.00429511070251"><system-out>Info: missing required arguments: username, name, hostname, vserver, password
</system-out></testcase><testcase classname="modules.test_na_ontap_efficiency_policy.TestMyModule" file="modules/test_na_ontap_efficiency_policy.py" line="190" name="test_successfully_delete" time="0.00776600837708"></testcase><testcase classname="modules.test_na_ontap_export_policy.TestMyModule" file="modules/test_na_ontap_export_policy.py" line="248" name="test_rest_error_delete" time="0.0074520111084"></testcase><testcase classname="modules.test_na_ontap_efficiency_policy.TestMyModule" file="modules/test_na_ontap_efficiency_policy.py" line="182" name="test_threshold_schedule_failure" time="0.00627493858337"></testcase><testcase classname="modules.test_na_ontap_export_policy.TestMyModule" file="modules/test_na_ontap_export_policy.py" line="176" name="test_rest_successful_create" time="0.00759601593018"></testcase><testcase classname="modules.test_na_ontap_export_policy.TestMyModule" file="modules/test_na_ontap_export_policy.py" line="211" name="test_rest_successful_rename" time="0.0069727897644"></testcase><testcase classname="modules.test_na_ontap_export_policy.TestMyModule" file="modules/test_na_ontap_export_policy.py" line="230" name="test_rest_error_create" time="0.00771069526672"></testcase><testcase classname="modules.test_na_ontap_export_policy.TestMyModule" file="modules/test_na_ontap_export_policy.py" line="160" name="test_successful_rename" time="0.0149068832397"></testcase><testcase classname="modules.test_na_ontap_export_policy.TestMyModule" file="modules/test_na_ontap_export_policy.py" line="267" name="test_rest_error_rename" time="0.00827407836914"></testcase><testcase classname="modules.test_na_ontap_export_policy_rule.TestMyModule" file="modules/test_na_ontap_export_policy_rule.py" line="196" name="test_create_missing_param_error" time="0.00743532180786"></testcase><testcase classname="modules.test_na_ontap_export_policy.TestMyModule" file="modules/test_na_ontap_export_policy.py" line="193" name="test_rest_successful_delete" time="0.00776505470276"></testcase><testcase classname="modules.test_na_ontap_export_policy_rule.TestMyModule" file="modules/test_na_ontap_export_policy_rule.py" line="249" name="test_error_on_ambiguous_delete" time="0.00854086875916"></testcase><testcase classname="modules.test_na_ontap_export_policy.TestMyModule" file="modules/test_na_ontap_export_policy.py" line="150" name="test_successful_create" time="0.0153670310974"></testcase><testcase classname="modules.test_na_ontap_export_policy_rule.TestMyModule" file="modules/test_na_ontap_export_policy_rule.py" line="180" name="test_get_existing_rule" time="0.00738978385925"></testcase><testcase classname="modules.test_na_ontap_export_policy_rule.TestMyModule" file="modules/test_na_ontap_export_policy_rule.py" line="213" name="test_create_idempotency" time="0.0092921257019"></testcase><testcase classname="modules.test_na_ontap_export_policy_rule.TestMyModule" file="modules/test_na_ontap_export_policy_rule.py" line="168" name="test_get_nonexistent_rule" time="0.00726413726807"></testcase><testcase classname="modules.test_na_ontap_export_policy_rule.TestMyModule" file="modules/test_na_ontap_export_policy_rule.py" line="230" name="test_delete_idempotency" time="0.0091450214386"></testcase><testcase classname="modules.test_na_ontap_export_policy_rule.TestMyModule" file="modules/test_na_ontap_export_policy_rule.py" line="161" name="test_module_fail_when_required_args_missing" time="0.00538992881775"><system-out>Info: missing required arguments: username, name, hostname, vserver, password
</system-out></testcase><testcase classname="modules.test_na_ontap_export_policy_rule.TestMyModule" file="modules/test_na_ontap_export_policy_rule.py" line="189" name="test_get_existing_policy" time="0.0071017742157"></testcase><testcase classname="modules.test_na_ontap_export_policy_rule.TestMyModule" file="modules/test_na_ontap_export_policy_rule.py" line="220" name="test_successful_delete_without_rule_index" time="0.00853896141052"></testcase><testcase classname="modules.test_na_ontap_export_policy_rule.TestMyModule" file="modules/test_na_ontap_export_policy_rule.py" line="174" name="test_get_nonexistent_policy" time="0.0079333782196"></testcase><testcase classname="modules.test_na_ontap_firewall_policy.TestMyModule" file="modules/test_na_ontap_firewall_policy.py" line="220" name="test_create_idempotency" time="0.00772309303284"></testcase><testcase classname="modules.test_na_ontap_export_policy_rule.TestMyModule" file="modules/test_na_ontap_export_policy_rule.py" line="259" name="test_helper_query_parameters" time="0.00764012336731"><system-out>{&apos;query&apos;: {&apos;export-rule-info&apos;: {&apos;vserver&apos;: &apos;test&apos;, &apos;policy-name&apos;: &apos;test&apos;, &apos;rule-index&apos;: 10}}}
</system-out></testcase><testcase classname="modules.test_na_ontap_firewall_policy.TestMyModule" file="modules/test_na_ontap_firewall_policy.py" line="278" name="test_get_existing_config" time="0.00733709335327"></testcase><testcase classname="modules.test_na_ontap_export_policy_rule.TestMyModule" file="modules/test_na_ontap_export_policy_rule.py" line="206" name="test_successful_create" time="0.00902509689331"></testcase><testcase classname="modules.test_na_ontap_firewall_policy.TestMyModule" file="modules/test_na_ontap_firewall_policy.py" line="272" name="test_get_nonexistent_config" time="0.00623202323914"></testcase><testcase classname="modules.test_na_ontap_export_policy_rule.TestMyModule" file="modules/test_na_ontap_export_policy_rule.py" line="239" name="test_successful_modify" time="0.00895619392395"></testcase><testcase classname="modules.test_na_ontap_firewall_policy.TestMyModule" file="modules/test_na_ontap_firewall_policy.py" line="171" name="test_helper_firewall_policy_attributes" time="0.00593209266663"></testcase><testcase classname="modules.test_na_ontap_firewall_policy.TestMyModule" file="modules/test_na_ontap_firewall_policy.py" line="236" name="test_delete_idempotency" time="0.00799083709717"></testcase><testcase classname="modules.test_na_ontap_firewall_policy.TestMyModule" file="modules/test_na_ontap_firewall_policy.py" line="179" name="test_helper_validate_ip_addresses_positive" time="0.00686192512512"></testcase><testcase classname="modules.test_na_ontap_firewall_policy.TestMyModule" file="modules/test_na_ontap_firewall_policy.py" line="205" name="test_get_existing_policy" time="0.00635194778442"></testcase><testcase classname="modules.test_na_ontap_firewall_policy.TestMyModule" file="modules/test_na_ontap_firewall_policy.py" line="213" name="test_successful_create" time="0.00813102722168"></testcase><testcase classname="modules.test_na_ontap_firewall_policy.TestMyModule" file="modules/test_na_ontap_firewall_policy.py" line="199" name="test_get_nonexistent_policy" time="0.00699687004089"></testcase><testcase classname="modules.test_na_ontap_firewall_policy.TestMyModule" file="modules/test_na_ontap_firewall_policy.py" line="245" name="test_successful_modify" time="0.0109751224518"></testcase><testcase classname="modules.test_na_ontap_firewall_policy.TestMyModule" file="modules/test_na_ontap_firewall_policy.py" line="187" name="test_helper_validate_ip_addresses_negative" time="0.00814485549927"></testcase><testcase classname="modules.test_na_ontap_firewall_policy.TestMyModule" file="modules/test_na_ontap_firewall_policy.py" line="254" name="test_successful_modify_mutiple_ips" time="0.00734424591064"></testcase><testcase classname="modules.test_na_ontap_firewall_policy.TestMyModule" file="modules/test_na_ontap_firewall_policy.py" line="164" name="test_module_fail_when_required_args_missing" time="0.00555992126465"><system-out>Info: missing required arguments: username, hostname, password
</system-out></testcase><testcase classname="modules.test_na_ontap_firmware_upgrade.TestMyModule" file="modules/test_na_ontap_firmware_upgrade.py" line="258" name="test_acp_firmware_upgrade" time="0.00850105285645"><system-out>Info: test_firmware_upgrade_apply: AnsibleExitJson({&apos;changed&apos;: True},)
</system-out></testcase><testcase classname="modules.test_na_ontap_firewall_policy.TestMyModule" file="modules/test_na_ontap_firewall_policy.py" line="227" name="test_successful_delete" time="0.00812888145447"></testcase><testcase classname="modules.test_na_ontap_firmware_upgrade.TestMyModule" file="modules/test_na_ontap_firmware_upgrade.py" line="205" name="test_ensure_acp_firmware_required_get_called" time="0.00622892379761"><system-out>&lt;xml&gt;&lt;attributes-list&gt;&lt;storage-shelf-acp-module&gt;&lt;state&gt;firmware_update_required&lt;/state&gt;&lt;/storage-shelf-acp-module&gt;&lt;/attributes-list&gt;&lt;/xml&gt;
Info: test_acp_firmware_upgrade_required_get: True
</system-out></testcase><testcase classname="modules.test_na_ontap_firewall_policy.TestMyModule" file="modules/test_na_ontap_firewall_policy.py" line="286" name="test_successful_modify_config" time="0.00669693946838"></testcase><testcase classname="modules.test_na_ontap_firmware_upgrade.TestMyModule" file="modules/test_na_ontap_firmware_upgrade.py" line="191" name="test_ensure_firmware_get_with_package_baseline_called" time="0.00565075874329"><system-out>info: Do not specify both package and install_baseline_image: true
</system-out></testcase><testcase classname="modules.test_na_ontap_firewall_policy.TestMyModule" file="modules/test_na_ontap_firewall_policy.py" line="263" name="test_successful_modify_mutiple_ips_contain_existing" time="0.00793290138245"></testcase><testcase classname="modules.test_na_ontap_firmware_upgrade.TestMyModule" file="modules/test_na_ontap_firmware_upgrade.py" line="166" name="test_invalid_firmware_type_parameters" time="0.00556516647339"><system-out>Info: value of firmware_type must be one of: service-processor, shelf, acp, disk, got: service_test
</system-out></testcase><testcase classname="modules.test_na_ontap_firmware_upgrade.TestMyModule" file="modules/test_na_ontap_firmware_upgrade.py" line="275" name="test_disk_firmware_upgrade" time="0.00807619094849"><system-out>Info: test_firmware_upgrade_apply: AnsibleExitJson({&apos;changed&apos;: &lt;MagicMock name=&apos;disk_firmware_upgrade()&apos; id=&apos;94293397259664&apos;&gt;},)
</system-out></testcase><testcase classname="modules.test_na_ontap_firmware_upgrade.TestMyModule" file="modules/test_na_ontap_firmware_upgrade.py" line="147" name="test_module_fail_when_required_args_missing" time="0.00462317466736"><system-out>Info: missing required arguments: username, hostname, firmware_type, password
</system-out></testcase><testcase classname="modules.test_na_ontap_firmware_upgrade.TestMyModule" file="modules/test_na_ontap_firmware_upgrade.py" line="218" name="test_ensure_apply_for_firmware_upgrade_called" time="0.010577917099"><system-out>Info: test_firmware_upgrade_apply: AnsibleExitJson({&apos;changed&apos;: False},)
&lt;xml&gt;&lt;attributes-list&gt;&lt;service-processor-info&gt;&lt;firmware-version&gt;3.4&lt;/firmware-version&gt;&lt;/service-processor-info&gt;&lt;/attributes-list&gt;&lt;num-records&gt;1&lt;/num-records&gt;&lt;/xml&gt;
Info: test_firmware_upgrade_apply: AnsibleExitJson({&apos;changed&apos;: True},)
</system-out></testcase><testcase classname="modules.test_na_ontap_flexcache.TestMyModule" file="modules/test_na_ontap_flexcache.py" line="265" name="test_create_flexcache" time="0.00858783721924"><system-out>Create: AnsibleExitJson({&apos;changed&apos;: True},)
</system-out></testcase><testcase classname="modules.test_na_ontap_firmware_upgrade.TestMyModule" file="modules/test_na_ontap_firmware_upgrade.py" line="179" name="test_ensure_sp_firmware_get_called" time="0.00652194023132"><system-out>Info: test_firmware_upgrade_get: None
</system-out></testcase><testcase classname="modules.test_na_ontap_flexcache.TestMyModule" file="modules/test_na_ontap_flexcache.py" line="333" name="test_create_flexcache_autoprovision_idempotent" time="0.00770831108093"><system-out>Create: AnsibleExitJson({&apos;changed&apos;: False},)
</system-out></testcase><testcase classname="modules.test_na_ontap_firmware_upgrade.TestMyModule" file="modules/test_na_ontap_firmware_upgrade.py" line="154" name="test_missing_parameters" time="0.00533103942871"><system-out>Info: missing required arguments: firmware_type
</system-out></testcase><testcase classname="modules.test_na_ontap_flexcache.TestMyModule" file="modules/test_na_ontap_flexcache.py" line="352" name="test_create_flexcache_multiplier" time="0.00950002670288"><system-out>Create: AnsibleExitJson({&apos;changed&apos;: True},)
</system-out></testcase><testcase classname="modules.test_na_ontap_firmware_upgrade.TestMyModule" file="modules/test_na_ontap_firmware_upgrade.py" line="243" name="test_shelf_firmware_upgrade" time="0.00736594200134"><system-out>Info: test_firmware_upgrade_apply: AnsibleExitJson({&apos;changed&apos;: True},)
</system-out></testcase><testcase classname="modules.test_na_ontap_flexcache.TestMyModule" file="modules/test_na_ontap_flexcache.py" line="478" name="test_create_flexcache_size_error" time="0.00913619995117"><system-out>Create: AnsibleFailJson({&apos;msg&apos;: &apos;Error when creating flexcache: Size &quot;50MB&quot; (&quot;52428800B&quot;) is too small.  Minimum size is &quot;80MB&quot; (&quot;83886080B&quot;). &apos;, &apos;failed&apos;: True},)
</system-out></testcase><testcase classname="modules.test_na_ontap_flexcache.TestMyModule" file="modules/test_na_ontap_flexcache.py" line="309" name="test_create_flexcache_autoprovision" time="0.00943994522095"><system-out>Create: AnsibleExitJson({&apos;changed&apos;: True},)
</system-out></testcase><testcase classname="modules.test_na_ontap_flexcache.TestMyModule" file="modules/test_na_ontap_flexcache.py" line="431" name="test_delete_flexcache_exists_junctionpath_no_force" time="0.00876712799072"><system-out>Delete: AnsibleFailJson({&apos;msg&apos;: &apos;Error deleting FlexCache : NetApp API failed. Reason - 160:Volume volume on Vserver ansibleSVM must be unmounted before being taken offline or restricted.&apos;, &apos;failed&apos;: True, &apos;exception&apos;: &apos;Traceback (most recent call last):\n  File &quot;/root/ansible/ansible_collections/netapp/ontap/plugins/modules/na_ontap_flexcache.py&quot;, line 404, in flexcache_delete_async\n    result = self.server.invoke_successfully(flexcache_delete, enable_tunneling=True)\n  File &quot;/root/ansible/ansible_collections/netapp/ontap/tests/unit/plugins/modules/test_na_ontap_flexcache.py&quot;, line 75, in invoke_successfully\n    raise netapp_utils.zapi.NaApiError(code, message)\nNaApiError: NetApp API failed. Reason - 160:Volume volume on Vserver ansibleSVM must be unmounted before being taken offline or restricted.\n&apos;},)
</system-out></testcase><testcase classname="modules.test_na_ontap_flexcache.TestMyModule" file="modules/test_na_ontap_flexcache.py" line="290" name="test_create_flexcache_idempotent" time="0.00753402709961"><system-out>Create: AnsibleExitJson({&apos;changed&apos;: False},)
</system-out></testcase><testcase classname="modules.test_na_ontap_flexcache.TestMyModule" file="modules/test_na_ontap_flexcache.py" line="397" name="test_delete_flexcache_exists_no_force" time="0.00927186012268"><system-out>Delete: AnsibleFailJson({&apos;msg&apos;: &apos;Error deleting FlexCache : NetApp API failed. Reason - 13001:Volume volume in Vserver ansibleSVM must be offline to be deleted. Use &quot;volume offline -vserver ansibleSVM -volume volume&quot; command to offline the volume&apos;, &apos;failed&apos;: True, &apos;exception&apos;: &apos;Traceback (most recent call last):\n  File &quot;/root/ansible/ansible_collections/netapp/ontap/plugins/modules/na_ontap_flexcache.py&quot;, line 404, in flexcache_delete_async\n    result = self.server.invoke_successfully(flexcache_delete, enable_tunneling=True)\n  File &quot;/root/ansible/ansible_collections/netapp/ontap/tests/unit/plugins/modules/test_na_ontap_flexcache.py&quot;, line 75, in invoke_successfully\n    raise netapp_utils.zapi.NaApiError(code, message)\nNaApiError: NetApp API failed. Reason - 13001:Volume volume in Vserver ansibleSVM must be offline to be deleted. Use &quot;volume offline -vserver ansibleSVM -volume volume&quot; command to offline the volume\n&apos;},)
</system-out></testcase><testcase classname="modules.test_na_ontap_flexcache.TestMyModule" file="modules/test_na_ontap_flexcache.py" line="377" name="test_create_flexcache_multiplier_idempotent" time="0.00857830047607"><system-out>Create: AnsibleExitJson({&apos;changed&apos;: False},)
</system-out></testcase><testcase classname="modules.test_na_ontap_flexcache.TestMyModule" file="modules/test_na_ontap_flexcache.py" line="465" name="test_delete_flexcache_not_exist" time="0.00800895690918"><system-out>Delete: AnsibleExitJson({&apos;changed&apos;: False},)
</system-out></testcase><testcase classname="modules.test_na_ontap_flexcache.TestMyModule" file="modules/test_na_ontap_flexcache.py" line="249" name="test_get_flexcache_double" time="0.00734782218933"></testcase><testcase classname="modules.test_na_ontap_flexcache.TestMyModule" file="modules/test_na_ontap_flexcache.py" line="200" name="test_missing_parameters" time="0.00737571716309"></testcase><testcase classname="modules.test_na_ontap_igroup.TestMyModule" file="modules/test_na_ontap_igroup.py" line="162" name="test_get_existing_igroup_with_initiators" time="0.00762605667114"></testcase><testcase classname="modules.test_na_ontap_igroup.TestMyModule" file="modules/test_na_ontap_igroup.py" line="155" name="test_get_nonexistent_igroup" time="0.00714516639709"></testcase><testcase classname="modules.test_na_ontap_igroup.TestMyModule" file="modules/test_na_ontap_igroup.py" line="191" name="test_modify_called_from_add" time="0.00814199447632"></testcase><testcase classname="modules.test_na_ontap_igroup.TestMyModule" file="modules/test_na_ontap_igroup.py" line="203" name="test_modify_called_from_remove" time="0.00828289985657"></testcase><testcase classname="modules.test_na_ontap_igroup.TestMyModule" file="modules/test_na_ontap_igroup.py" line="177" name="test_modify_initiator_calls_add_and_remove" time="0.00962901115417"></testcase><testcase classname="modules.test_na_ontap_igroup.TestMyModule" file="modules/test_na_ontap_igroup.py" line="149" name="test_module_fail_when_required_args_missing" time="0.00543093681335"></testcase><testcase classname="modules.test_na_ontap_igroup.TestMyModule" file="modules/test_na_ontap_igroup.py" line="215" name="test_successful_create" time="0.00901484489441"></testcase><testcase classname="modules.test_na_ontap_igroup.TestMyModule" file="modules/test_na_ontap_igroup.py" line="224" name="test_successful_delete" time="0.00682234764099"></testcase><testcase classname="modules.test_na_ontap_igroup.TestMyModule" file="modules/test_na_ontap_igroup.py" line="233" name="test_successful_modify" time="0.00648880004883"></testcase><testcase classname="modules.test_na_ontap_igroup.TestMyModule" file="modules/test_na_ontap_igroup.py" line="242" name="test_successful_rename" time="0.00824499130249"></testcase><testcase classname="modules.test_na_ontap_igroup_initiator.TestMyModule" file="modules/test_na_ontap_igroup_initiator.py" line="151" name="test_get_existing_initiator" time="0.00733184814453"></testcase><testcase classname="modules.test_na_ontap_igroup_initiator.TestMyModule" file="modules/test_na_ontap_igroup_initiator.py" line="143" name="test_get_nonexistent_igroup" time="0.00573205947876"></testcase><testcase classname="modules.test_na_ontap_igroup_initiator.TestMyModule" file="modules/test_na_ontap_igroup_initiator.py" line="135" name="test_get_nonexistent_initiator" time="0.00694918632507"></testcase><testcase classname="modules.test_na_ontap_igroup_initiator.TestMyModule" file="modules/test_na_ontap_igroup_initiator.py" line="207" name="test_if_all_methods_catch_exception" time="0.00730681419373"></testcase><testcase classname="modules.test_na_ontap_igroup_initiator.TestMyModule" file="modules/test_na_ontap_igroup_initiator.py" line="129" name="test_module_fail_when_required_args_missing" time="0.00444507598877"></testcase><testcase classname="modules.test_na_ontap_igroup_initiator.TestMyModule" file="modules/test_na_ontap_igroup_initiator.py" line="159" name="test_successful_add" time="0.00758528709412"></testcase><testcase classname="modules.test_na_ontap_igroup_initiator.TestMyModule" file="modules/test_na_ontap_igroup_initiator.py" line="171" name="test_successful_add_idempotency" time="0.00705623626709"></testcase><testcase classname="modules.test_na_ontap_igroup_initiator.TestMyModule" file="modules/test_na_ontap_igroup_initiator.py" line="182" name="test_successful_remove" time="0.00686502456665"></testcase><testcase classname="modules.test_na_ontap_igroup_initiator.TestMyModule" file="modules/test_na_ontap_igroup_initiator.py" line="194" name="test_successful_remove_idempotency" time="0.00697541236877"></testcase><testcase classname="modules.test_na_ontap_info.TestMyModule" file="modules/test_na_ontap_info.py" line="201" name="test_call_api_error" time="0.0065438747406"></testcase><testcase classname="modules.test_na_ontap_info.TestMyModule" file="modules/test_na_ontap_info.py" line="144" name="test_ensure_command_called" time="0.00798344612122"></testcase><testcase classname="modules.test_na_ontap_info.TestMyModule" file="modules/test_na_ontap_info.py" line="209" name="test_find_item" time="0.0022189617157"></testcase><testcase classname="modules.test_na_ontap_info.TestMyModule" file="modules/test_na_ontap_info.py" line="155" name="test_get_generic_get_iter" time="0.00925707817078"></testcase><testcase classname="modules.test_na_ontap_info.TestMyModule" file="modules/test_na_ontap_info.py" line="181" name="test_get_ifgrp_info" time="0.00661301612854"></testcase><testcase classname="modules.test_na_ontap_info.TestMyModule" file="modules/test_na_ontap_info.py" line="169" name="test_main" time="0.00678205490112"></testcase><testcase classname="modules.test_na_ontap_info.TestMyModule" file="modules/test_na_ontap_info.py" line="137" name="test_module_fail_when_required_args_missing" time="0.00453305244446"><system-out>Info: missing required arguments: username, hostname, password
</system-out></testcase><testcase classname="modules.test_na_ontap_info.TestMyModule" file="modules/test_na_ontap_info.py" line="193" name="test_ontapi_error" time="0.00689220428467"></testcase><testcase classname="modules.test_na_ontap_info.TestMyModule" file="modules/test_na_ontap_info.py" line="216" name="test_subset_return_all_complete" time="0.00580382347107"></testcase><testcase classname="modules.test_na_ontap_info.TestMyModule" file="modules/test_na_ontap_info.py" line="282" name="test_subset_return_all_expect_one" time="0.00580930709839"></testcase><testcase classname="modules.test_na_ontap_info.TestMyModule" file="modules/test_na_ontap_info.py" line="292" name="test_subset_return_all_expect_three" time="0.00666904449463"></testcase><testcase classname="modules.test_na_ontap_info.TestMyModule" file="modules/test_na_ontap_info.py" line="224" name="test_subset_return_all_partial" time="0.00690007209778"></testcase><testcase classname="modules.test_na_ontap_info.TestMyModule" file="modules/test_na_ontap_info.py" line="252" name="test_subset_return_bad" time="0.00645399093628"><system-out>Info: Bad subset: my_invalid_subset
</system-out></testcase><testcase classname="modules.test_na_ontap_info.TestMyModule" file="modules/test_na_ontap_info.py" line="243" name="test_subset_return_multiple" time="0.00578713417053"></testcase><testcase classname="modules.test_na_ontap_info.TestMyModule" file="modules/test_na_ontap_info.py" line="274" name="test_subset_return_none" time="0.00528407096863"></testcase><testcase classname="modules.test_na_ontap_info.TestMyModule" file="modules/test_na_ontap_info.py" line="302" name="test_subset_return_none_with_exclusion" time="0.00560665130615"><system-out>Info: Remote system at version ! does not support net_interface_info
</system-out></testcase><testcase classname="modules.test_na_ontap_info.TestMyModule" file="modules/test_na_ontap_info.py" line="235" name="test_subset_return_one" time="0.00623559951782"></testcase><testcase classname="modules.test_na_ontap_info.TestMyModule" file="modules/test_na_ontap_info.py" line="262" name="test_subset_return_unsupported" time="0.0065438747406"><system-out>Info: Remote system at version 120 does not support nvme_info
</system-out></testcase><testcase classname="modules.test_na_ontap_interface.TestMyModule" file="modules/test_na_ontap_interface.py" line="214" name="test_create_error_for_NVMe" time="0.00622510910034"></testcase><testcase classname="modules.test_na_ontap_interface.TestMyModule" file="modules/test_na_ontap_interface.py" line="158" name="test_create_error_missing_param" time="0.00717711448669"></testcase><testcase classname="modules.test_na_ontap_interface.TestMyModule" file="modules/test_na_ontap_interface.py" line="227" name="test_create_idempotency" time="0.00723695755005"></testcase><testcase classname="modules.test_na_ontap_interface.TestMyModule" file="modules/test_na_ontap_interface.py" line="202" name="test_create_idempotency_for_NVMe" time="0.00705003738403"></testcase><testcase classname="modules.test_na_ontap_interface.TestMyModule" file="modules/test_na_ontap_interface.py" line="243" name="test_delete_idempotency" time="0.00659012794495"></testcase><testcase classname="modules.test_na_ontap_interface.TestMyModule" file="modules/test_na_ontap_interface.py" line="177" name="test_get_existing_interface" time="0.00674796104431"></testcase><testcase classname="modules.test_na_ontap_interface.TestMyModule" file="modules/test_na_ontap_interface.py" line="171" name="test_get_nonexistent_interface" time="0.00671887397766"></testcase><testcase classname="modules.test_na_ontap_interface.TestMyModule" file="modules/test_na_ontap_interface.py" line="265" name="test_modify_idempotency" time="0.00741982460022"></testcase><testcase classname="modules.test_na_ontap_interface.TestMyModule" file="modules/test_na_ontap_interface.py" line="151" name="test_module_fail_when_required_args_missing" time="0.00450086593628"><system-out>Info: missing required arguments: username, password, hostname, vserver, interface_name
</system-out></testcase><testcase classname="modules.test_na_ontap_interface.TestMyModule" file="modules/test_na_ontap_interface.py" line="183" name="test_successful_create" time="0.00807809829712"></testcase><testcase classname="modules.test_na_ontap_interface.TestMyModule" file="modules/test_na_ontap_interface.py" line="190" name="test_successful_create_for_NVMe" time="0.00766587257385"></testcase><testcase classname="modules.test_na_ontap_interface.TestMyModule" file="modules/test_na_ontap_interface.py" line="234" name="test_successful_delete" time="0.00879406929016"></testcase><testcase classname="modules.test_na_ontap_interface.TestMyModule" file="modules/test_na_ontap_interface.py" line="252" name="test_successful_modify" time="0.0112662315369"></testcase><testcase classname="modules.test_na_ontap_ipspace.TestMyModule" file="modules/test_na_ontap_ipspace.py" line="122" name="test_fail_requiredargs_missing" time="0.00469708442688"><system-out>Info: missing required arguments: username, name, hostname, password
</system-out></testcase><testcase classname="modules.test_na_ontap_ipspace.TestMyModule" file="modules/test_na_ontap_ipspace.py" line="129" name="test_get_ipspace_iscalled" time="0.0120768547058"><system-out>Info: test_get_ipspace: None
</system-out></testcase><testcase classname="modules.test_na_ontap_ipspace.TestMyModule" file="modules/test_na_ontap_ipspace.py" line="191" name="test_idempotent_create_rest" time="0.00696778297424"></testcase><testcase classname="modules.test_na_ontap_flexcache.TestMyModule" file="modules/test_na_ontap_flexcache.py" line="503" name="test_create_flexcache_time_out" time="5.01313781738"><system-out>Create: AnsibleFailJson({&apos;msg&apos;: &apos;Error when creating flexcache: job completion exceeded expected timer of: 2 seconds&apos;, &apos;failed&apos;: True},)
</system-out></testcase><testcase classname="modules.test_na_ontap_ipspace.TestMyModule" file="modules/test_na_ontap_ipspace.py" line="219" name="test_idempotent_delete_rest" time="0.00706887245178"></testcase><testcase classname="modules.test_na_ontap_ipspace.TestMyModule" file="modules/test_na_ontap_ipspace.py" line="248" name="test_idempotent_modify_rest" time="0.00671792030334"></testcase><testcase classname="modules.test_na_ontap_flexcache.TestMyModule" file="modules/test_na_ontap_flexcache.py" line="449" name="test_delete_flexcache_exists_junctionpath_with_force" time="0.00835680961609"><system-out>Delete: AnsibleExitJson({&apos;changed&apos;: True},)
</system-out></testcase><testcase classname="modules.test_na_ontap_ipspace.TestMyModule" file="modules/test_na_ontap_ipspace.py" line="138" name="test_ipspace_apply_iscalled" time="0.0133821964264"><system-out>Info: test_get_ipspace: None
Info: test_ipspace_apply: AnsibleExitJson({&apos;changed&apos;: True},)
&lt;xml&gt;&lt;attributes-list&gt;&lt;net-ipspaces-info&gt;&lt;ipspace&gt;test_apply_ips&lt;/ipspace&gt;&lt;/net-ipspaces-info&gt;&lt;/attributes-list&gt;&lt;num-records&gt;1&lt;/num-records&gt;&lt;/xml&gt;
Info: test_get_ipspace: {&apos;name&apos;: &apos;test_apply_ips&apos;}
&lt;xml&gt;&lt;attributes-list&gt;&lt;net-ipspaces-info&gt;&lt;ipspace&gt;test_apply_ips&lt;/ipspace&gt;&lt;/net-ipspaces-info&gt;&lt;/attributes-list&gt;&lt;num-records&gt;1&lt;/num-records&gt;&lt;/xml&gt;
Info: test_ipspace_apply: AnsibleExitJson({&apos;changed&apos;: True},)
&lt;xml&gt;&lt;attributes-list&gt;&lt;net-ipspaces-info&gt;&lt;ipspace&gt;test_apply_ips&lt;/ipspace&gt;&lt;/net-ipspaces-info&gt;&lt;/attributes-list&gt;&lt;num-records&gt;1&lt;/num-records&gt;&lt;/xml&gt;
</system-out></testcase><testcase classname="modules.test_na_ontap_flexcache.TestMyModule" file="modules/test_na_ontap_flexcache.py" line="416" name="test_delete_flexcache_exists_with_force" time="0.00946712493896"><system-out>Delete: AnsibleExitJson({&apos;changed&apos;: True},)
</system-out></testcase><testcase classname="modules.test_na_ontap_ipspace.TestMyModule" file="modules/test_na_ontap_ipspace.py" line="164" name="test_rest_error" time="0.00653290748596"></testcase><testcase classname="modules.test_na_ontap_flexcache.TestMyModule" file="modules/test_na_ontap_flexcache.py" line="234" name="test_get_flexcache" time="0.00702214241028"><system-out>info: {&apos;vserver&apos;: None, &apos;origin_cluster&apos;: &apos;ocluster&apos;, &apos;origin_volume&apos;: &apos;ovolume&apos;, &apos;origin_vserver&apos;: &apos;ovserver&apos;, &apos;volume&apos;: &apos;volume&apos;, &apos;auto_provision_as&apos;: None, &apos;size&apos;: None}
</system-out></testcase><testcase classname="modules.test_na_ontap_ipspace.TestMyModule" file="modules/test_na_ontap_ipspace.py" line="177" name="test_successful_create_rest" time="0.0075409412384"></testcase><testcase classname="modules.test_na_ontap_flexcache.TestMyModule" file="modules/test_na_ontap_flexcache.py" line="218" name="test_missing_parameter" time="0.00837278366089"></testcase><testcase classname="modules.test_na_ontap_ipspace.TestMyModule" file="modules/test_na_ontap_ipspace.py" line="204" name="test_successful_delete_rest" time="0.00724458694458"></testcase><testcase classname="modules.test_na_ontap_flexcache.TestMyModule" file="modules/test_na_ontap_flexcache.py" line="193" name="test_module_fail_when_required_args_missing" time="0.00468277931213"><system-out>Info: missing required arguments: username, volume, password, hostname, vserver
</system-out></testcase><testcase classname="modules.test_na_ontap_ipspace.TestMyModule" file="modules/test_na_ontap_ipspace.py" line="233" name="test_successful_modify_rest" time="0.00772595405579"></testcase><testcase classname="modules.test_na_ontap_igroup.TestMyModule" file="modules/test_na_ontap_igroup.py" line="170" name="test_get_existing_igroup_without_initiators" time="0.00852680206299"></testcase><testcase classname="modules.test_na_ontap_job_schedule.TestMyModule" file="modules/test_na_ontap_job_schedule.py" line="188" name="test_create_error_missing_param" time="0.00595474243164"></testcase><testcase classname="modules.test_na_ontap_job_schedule.TestMyModule" file="modules/test_na_ontap_job_schedule.py" line="165" name="test_get_nonexistent_job" time="0.0078911781311"></testcase><testcase classname="modules.test_na_ontap_job_schedule.TestMyModule" file="modules/test_na_ontap_job_schedule.py" line="205" name="test_create_idempotency" time="0.0076367855072"></testcase><testcase classname="modules.test_na_ontap_job_schedule.TestMyModule" file="modules/test_na_ontap_job_schedule.py" line="239" name="test_modify_idempotency" time="0.00811386108398"></testcase><testcase classname="modules.test_na_ontap_job_schedule.TestMyModule" file="modules/test_na_ontap_job_schedule.py" line="221" name="test_delete_idempotency" time="0.00898385047913"></testcase><testcase classname="modules.test_na_ontap_job_schedule.TestMyModule" file="modules/test_na_ontap_job_schedule.py" line="158" name="test_module_fail_when_required_args_missing" time="0.00706887245178"><system-out>Info: missing required arguments: username, name, hostname, password
</system-out></testcase><testcase classname="modules.test_na_ontap_job_schedule.TestMyModule" file="modules/test_na_ontap_job_schedule.py" line="171" name="test_get_existing_job" time="0.00599217414856"></testcase><testcase classname="modules.test_na_ontap_job_schedule.TestMyModule" file="modules/test_na_ontap_job_schedule.py" line="198" name="test_successful_create" time="0.00848793983459"></testcase><testcase classname="modules.test_na_ontap_job_schedule.TestMyModule" file="modules/test_na_ontap_job_schedule.py" line="179" name="test_get_existing_job_multiple_minutes" time="0.00623369216919"><system-out>CALLED MULTIPLE BUILD
{&apos;name&apos;: &apos;test_job&apos;, &apos;job_hours&apos;: [&apos;-1&apos;], &apos;job_months&apos;: [&apos;5&apos;, &apos;10&apos;], &apos;job_days_of_week&apos;: [&apos;-1&apos;], &apos;job_minutes&apos;: [&apos;25&apos;, &apos;35&apos;], &apos;job_days_of_month&apos;: [&apos;-1&apos;]}
</system-out></testcase><testcase classname="modules.test_na_ontap_job_schedule.TestMyModule" file="modules/test_na_ontap_job_schedule.py" line="212" name="test_successful_delete" time="0.00851488113403"></testcase><testcase classname="modules.test_na_ontap_net_routes.TestMyModule" file="modules/test_na_ontap_net_routes.py" line="196" name="test_get_existing_job" time="0.0121607780457"></testcase><testcase classname="modules.test_na_ontap_job_schedule.TestMyModule" file="modules/test_na_ontap_job_schedule.py" line="230" name="test_successful_modify" time="0.00841188430786"></testcase><testcase classname="modules.test_na_ontap_net_routes.TestMyModule" file="modules/test_na_ontap_net_routes.py" line="190" name="test_get_nonexistent_net_route" time="0.011440038681"></testcase><testcase classname="modules.test_na_ontap_kerberos_realm.TestMyModule" file="modules/test_na_ontap_kerberos_realm.py" line="184" name="test_get_existing_realm" time="0.00769901275635"></testcase><testcase classname="modules.test_na_ontap_net_routes.TestMyModule" file="modules/test_na_ontap_net_routes.py" line="260" name="test_modify_metric_idempotency" time="0.0117309093475"></testcase><testcase classname="modules.test_na_ontap_kerberos_realm.TestMyModule" file="modules/test_na_ontap_kerberos_realm.py" line="172" name="test_get_nonexistent_realm" time="0.0081582069397"></testcase><testcase classname="modules.test_na_ontap_net_routes.TestMyModule" file="modules/test_na_ontap_net_routes.py" line="183" name="test_module_fail_when_required_args_missing" time="0.00466585159302"><system-out>Info: missing required arguments: username, hostname, vserver, destination, password, gateway
</system-out></testcase><testcase classname="modules.test_na_ontap_kerberos_realm.TestMyModule" file="modules/test_na_ontap_kerberos_realm.py" line="153" name="test_module_fail_when_required_args_missing" time="0.00581169128418"><system-out>Info: missing required arguments: username, realm, hostname, vserver, password
</system-out></testcase><testcase classname="modules.test_na_ontap_net_routes.TestMyModule" file="modules/test_na_ontap_net_routes.py" line="357" name="test_rest_error" time="0.00672006607056"></testcase><testcase classname="modules.test_na_ontap_kerberos_realm.TestMyModule" file="modules/test_na_ontap_kerberos_realm.py" line="161" name="test_module_fail_when_state_present_required_args_missing" time="0.00631523132324"><system-out>Info: state is present but all of the following are missing: kdc_vendor, kdc_ip
</system-out></testcase><testcase classname="modules.test_na_ontap_net_routes.TestMyModule" file="modules/test_na_ontap_net_routes.py" line="385" name="test_rest_idempotent_create_dns" time="0.00644993782043"></testcase><testcase classname="modules.test_na_ontap_kerberos_realm.TestMyModule" file="modules/test_na_ontap_kerberos_realm.py" line="224" name="test_successfully_create_realm" time="0.00848388671875"></testcase><testcase classname="modules.test_na_ontap_net_routes.TestMyModule" file="modules/test_na_ontap_net_routes.py" line="414" name="test_rest_idempotently_destroy" time="0.0074679851532"></testcase><testcase classname="modules.test_na_ontap_kerberos_realm.TestMyModule" file="modules/test_na_ontap_kerberos_realm.py" line="210" name="test_successfully_delete_realm" time="0.00904774665833"></testcase><testcase classname="modules.test_na_ontap_net_routes.TestMyModule" file="modules/test_na_ontap_net_routes.py" line="447" name="test_rest_idempotently_modify" time="0.00837206840515"></testcase><testcase classname="modules.test_na_ontap_kerberos_realm.TestMyModule" file="modules/test_na_ontap_kerberos_realm.py" line="196" name="test_successfully_modify_realm" time="0.00997400283813"></testcase><testcase classname="modules.test_na_ontap_net_routes.TestMyModule" file="modules/test_na_ontap_net_routes.py" line="370" name="test_rest_successfully_create" time="0.00774097442627"></testcase><testcase classname="modules.test_na_ontap_lun_copy.TestMyModule" file="modules/test_na_ontap_lun_copy.py" line="153" name="test_copy_idempotency" time="0.00654983520508"></testcase><testcase classname="modules.test_na_ontap_net_routes.TestMyModule" file="modules/test_na_ontap_net_routes.py" line="399" name="test_rest_successfully_destroy" time="0.00745296478271"></testcase><testcase classname="modules.test_na_ontap_lun_copy.TestMyModule" file="modules/test_na_ontap_lun_copy.py" line="132" name="test_create_error_missing_param" time="0.00487899780273"></testcase><testcase classname="modules.test_na_ontap_net_routes.TestMyModule" file="modules/test_na_ontap_net_routes.py" line="428" name="test_rest_successfully_modify" time="0.00714635848999"></testcase><testcase classname="modules.test_na_ontap_lun_copy.TestMyModule" file="modules/test_na_ontap_lun_copy.py" line="125" name="test_module_fail_when_required_args_missing" time="0.00475120544434"><system-out>Info: missing required arguments: username, destination_vserver, destination_path, hostname, source_path, password
</system-out></testcase><testcase classname="modules.test_na_ontap_net_routes.TestMyModule" file="modules/test_na_ontap_net_routes.py" line="213" name="test_successful_create" time="0.0141341686249"></testcase><testcase classname="modules.test_na_ontap_lun_copy.TestMyModule" file="modules/test_na_ontap_lun_copy.py" line="145" name="test_successful_copy" time="0.00828099250793"></testcase><testcase classname="modules.test_na_ontap_net_routes.TestMyModule" file="modules/test_na_ontap_net_routes.py" line="231" name="test_successful_delete" time="0.0140452384949"></testcase><testcase classname="modules.test_na_ontap_lun_map.TestMyModule" file="modules/test_na_ontap_lun_map.py" line="122" name="test_ensure_get_called" time="0.00618100166321"></testcase><testcase classname="modules.test_na_ontap_net_routes.TestMyModule" file="modules/test_na_ontap_net_routes.py" line="313" name="test_successful_modify_destination" time="0.01402592659"></testcase><testcase classname="modules.test_na_ontap_lun_map.TestMyModule" file="modules/test_na_ontap_lun_map.py" line="129" name="test_ensure_get_called_existing" time="0.00771927833557"></testcase><testcase classname="modules.test_na_ontap_net_routes.TestMyModule" file="modules/test_na_ontap_net_routes.py" line="269" name="test_successful_modify_gateway" time="0.0141868591309"></testcase><testcase classname="modules.test_na_ontap_lun_map.TestMyModule" file="modules/test_na_ontap_lun_map.py" line="178" name="test_if_all_methods_catch_exception" time="0.00756096839905"></testcase><testcase classname="modules.test_na_ontap_net_routes.TestMyModule" file="modules/test_na_ontap_net_routes.py" line="249" name="test_successful_modify_metric" time="0.0150711536407"></testcase><testcase classname="modules.test_na_ontap_lun_map.TestMyModule" file="modules/test_na_ontap_lun_map.py" line="115" name="test_module_fail_when_required_args_missing" time="0.00486326217651"><system-out>Info: missing required arguments: username, hostname, vserver, initiator_group_name, path, password
[...]
</system-out></testcase><testcase classname="modules.test_na_ontap_volume.TestMyModule" file="modules/test_na_ontap_volume.py" line="583" name="test_compare_chmod_value_true_2" time="0.00874900817871"></testcase><testcase classname="modules.test_na_ontap_volume.TestMyModule" file="modules/test_na_ontap_volume.py" line="419" name="test_mount_volume" time="0.00984692573547"></testcase><testcase classname="modules.test_na_ontap_volume.TestMyModule" file="modules/test_na_ontap_volume.py" line="611" name="test_compare_chmod_value_true_3" time="0.0103559494019"></testcase><testcase classname="modules.test_na_ontap_volume.TestMyModule" file="modules/test_na_ontap_volume.py" line="358" name="test_successful_create" time="0.00853705406189"></testcase><testcase classname="modules.test_na_ontap_volume.TestMyModule" file="modules/test_na_ontap_volume.py" line="703" name="test_successful_create_flex_group_auto_provision" time="0.00885891914368"></testcase><testcase classname="modules.test_na_ontap_volume.TestMyModule" file="modules/test_na_ontap_volume.py" line="455" name="test_successful_modify_snapshot_policy" time="0.0132932662964"></testcase><testcase classname="modules.test_na_ontap_volume.TestMyModule" file="modules/test_na_ontap_volume.py" line="693" name="test_successful_create_flex_group_manually" time="0.0116739273071"></testcase><testcase classname="modules.test_na_ontap_volume.TestMyModule" file="modules/test_na_ontap_volume.py" line="437" name="test_successful_modify_space" time="0.0129261016846"></testcase><testcase classname="modules.test_na_ontap_volume.TestMyModule" file="modules/test_na_ontap_volume.py" line="376" name="test_successful_delete" time="0.0101118087769"></testcase><testcase classname="modules.test_na_ontap_volume.TestMyModule" file="modules/test_na_ontap_volume.py" line="958" name="test_successful_modify_tiering_policy" time="0.0121903419495"></testcase><testcase classname="modules.test_na_ontap_volume.TestMyModule" file="modules/test_na_ontap_volume.py" line="713" name="test_successful_delete_flex_group" time="0.00885701179504"></testcase><testcase classname="modules.test_na_ontap_volume.TestMyModule" file="modules/test_na_ontap_volume.py" line="446" name="test_successful_modify_unix_permissions" time="0.0128290653229"></testcase><testcase classname="modules.test_na_ontap_volume.TestMyModule" file="modules/test_na_ontap_volume.py" line="464" name="test_successful_modify_efficiency_policy" time="0.0101780891418"></testcase><testcase classname="modules.test_na_ontap_volume.TestMyModule" file="modules/test_na_ontap_volume.py" line="761" name="test_successful_modify_unix_permissions_flex_group" time="0.0114669799805"></testcase><testcase classname="modules.test_na_ontap_volume.TestMyModule" file="modules/test_na_ontap_volume.py" line="473" name="test_successful_modify_percent_snapshot_space" time="0.0106089115143"></testcase><testcase classname="modules.test_na_ontap_volume.TestMyModule" file="modules/test_na_ontap_volume.py" line="789" name="test_successful_modify_unix_permissions_flex_group_0_time_out" time="0.011538028717"></testcase><testcase classname="modules.test_na_ontap_volume.TestMyModule" file="modules/test_na_ontap_volume.py" line="491" name="test_successful_modify_qos_adaptive_policy_group" time="0.0104808807373"></testcase><testcase classname="modules.test_na_ontap_volume.TestMyModule" file="modules/test_na_ontap_volume.py" line="967" name="test_successful_modify_vserver_dr_protection" time="0.0100989341736"></testcase><testcase classname="modules.test_na_ontap_volume.TestMyModule" file="modules/test_na_ontap_volume.py" line="482" name="test_successful_modify_qos_policy_group" time="0.00995588302612"></testcase><testcase classname="modules.test_na_ontap_volume.TestMyModule" file="modules/test_na_ontap_volume.py" line="500" name="test_successful_move" time="0.010066986084"></testcase><testcase classname="modules.test_na_ontap_volume.TestMyModule" file="modules/test_na_ontap_volume.py" line="394" name="test_successful_modify_size" time="0.00977683067322"></testcase><testcase classname="modules.test_na_ontap_volume.TestMyModule" file="modules/test_na_ontap_volume.py" line="863" name="test_successful_offline_state_flex_group" time="0.0115730762482"></testcase><testcase classname="modules.test_na_ontap_volume.TestMyModule" file="modules/test_na_ontap_volume.py" line="509" name="test_successful_rename" time="0.00982809066772"></testcase><testcase classname="modules.test_na_ontap_volume.TestMyModule" file="modules/test_na_ontap_volume.py" line="531" name="test_successful_rename_async" time="0.00971293449402"></testcase><testcase classname="modules.test_na_ontap_volume.TestMyModule" file="modules/test_na_ontap_volume.py" line="888" name="test_successful_online_state_flex_group" time="0.0115439891815"></testcase><testcase classname="modules.test_na_ontap_volume.TestMyModule" file="modules/test_na_ontap_volume.py" line="736" name="test_successful_resize_flex_group" time="0.0107231140137"></testcase><testcase classname="modules.test_na_ontap_volume_autosize.TestMyModule" file="modules/test_na_ontap_volume_autosize.py" line="177" name="test_successful_modify" time="0.0117642879486"></testcase><testcase classname="modules.test_na_ontap_volume.TestMyModule" file="modules/test_na_ontap_volume.py" line="428" name="test_unmount_volume" time="0.0122919082642"></testcase><testcase classname="modules.test_na_ontap_volume_autosize.TestMyModule" file="modules/test_na_ontap_volume_autosize.py" line="185" name="test_successful_reset" time="0.0142278671265"></testcase><testcase classname="modules.test_na_ontap_volume_autosize.TestMyModule" file="modules/test_na_ontap_volume_autosize.py" line="171" name="test_idempotent_modify" time="0.0132122039795"></testcase><testcase classname="modules.test_na_ontap_volume_clone.TestMyModule" file="modules/test_na_ontap_volume_clone.py" line="123" name="test_ensure_get_called" time="0.00562405586243"></testcase><testcase classname="modules.test_na_ontap_volume_autosize.TestMyModule" file="modules/test_na_ontap_volume_autosize.py" line="164" name="test_module_fail_when_required_args_missing" time="0.00427293777466"><system-out>Info: missing required arguments: username, volume, hostname, vserver, password
</system-out></testcase><testcase classname="modules.test_na_ontap_volume_clone.TestMyModule" file="modules/test_na_ontap_volume_clone.py" line="130" name="test_ensure_get_called_existing" time="0.00593781471252"></testcase><testcase classname="modules.test_na_ontap_volume_autosize.TestMyModule" file="modules/test_na_ontap_volume_autosize.py" line="198" name="test_rest_error" time="0.00780606269836"></testcase><testcase classname="modules.test_na_ontap_volume_clone.TestMyModule" file="modules/test_na_ontap_volume_clone.py" line="166" name="test_if_all_methods_catch_exception" time="0.00722527503967"></testcase><testcase classname="modules.test_na_ontap_volume_autosize.TestMyModule" file="modules/test_na_ontap_volume_autosize.py" line="227" name="test_rest_idempotent_modify" time="0.008052110672"></testcase><testcase classname="modules.test_na_ontap_volume_clone.TestMyModule" file="modules/test_na_ontap_volume_clone.py" line="116" name="test_module_fail_when_required_args_missing" time="0.00504112243652"><system-out>Info: missing required arguments: username, parent_volume, hostname, vserver, password, name
</system-out></testcase><testcase classname="modules.test_na_ontap_volume_autosize.TestMyModule" file="modules/test_na_ontap_volume_autosize.py" line="211" name="test_rest_successful_modify" time="0.00796794891357"></testcase><testcase classname="modules.test_na_ontap_volume_clone.TestMyModule" file="modules/test_na_ontap_volume_clone.py" line="137" name="test_successful_create" time="0.0101861953735"></testcase><testcase classname="modules.test_na_ontap_vscan.TestMyModule" file="modules/test_na_ontap_vscan.py" line="218" name="test_rest_idempotently_disable" time="0.00688600540161"></testcase><testcase classname="modules.test_na_ontap_vscan.TestMyModule" file="modules/test_na_ontap_vscan.py" line="153" name="test_idempotently_disable" time="0.0124516487122"></testcase><testcase classname="modules.test_na_ontap_vscan.TestMyModule" file="modules/test_na_ontap_vscan.py" line="189" name="test_rest_idempotently_enable" time="0.00675582885742"></testcase><testcase classname="modules.test_na_ontap_vscan.TestMyModule" file="modules/test_na_ontap_vscan.py" line="137" name="test_idempotently_enable" time="0.0131151676178"></testcase><testcase classname="modules.test_na_ontap_vscan.TestMyModule" file="modules/test_na_ontap_vscan.py" line="203" name="test_rest_successly_disable" time="0.006680727005"></testcase><testcase classname="modules.test_na_ontap_vscan.TestMyModule" file="modules/test_na_ontap_vscan.py" line="122" name="test_module_fail_when_required_args_missing" time="0.0045371055603"><system-out>Info: missing required arguments: username, hostname, vserver, password
</system-out></testcase><testcase classname="modules.test_na_ontap_vscan.TestMyModule" file="modules/test_na_ontap_vscan.py" line="174" name="test_rest_successly_enable" time="0.00745797157288"></testcase><testcase classname="modules.test_na_ontap_vscan.TestMyModule" file="modules/test_na_ontap_vscan.py" line="161" name="test_rest_error" time="0.00706720352173"></testcase><testcase classname="modules.test_na_ontap_vscan.TestMyModule" file="modules/test_na_ontap_vscan.py" line="145" name="test_successfully_disable" time="0.0128519535065"></testcase><testcase classname="modules.test_na_ontap_vscan_on_access_policy.TestMyModule" file="modules/test_na_ontap_vscan_on_access_policy.py" line="151" name="test_delete_idempotency" time="0.00673604011536"></testcase><testcase classname="modules.test_na_ontap_vscan.TestMyModule" file="modules/test_na_ontap_vscan.py" line="129" name="test_successfully_enable" time="0.0118856430054"></testcase><testcase classname="modules.test_na_ontap_vscan_on_access_policy.TestMyModule" file="modules/test_na_ontap_vscan_on_access_policy.py" line="126" name="test_get_existing_scanner" time="0.00651288032532"></testcase><testcase classname="modules.test_na_ontap_vscan_on_access_policy.TestMyModule" file="modules/test_na_ontap_vscan_on_access_policy.py" line="137" name="test_create_idempotency" time="0.00827097892761"></testcase><testcase classname="modules.test_na_ontap_vscan_on_access_policy.TestMyModule" file="modules/test_na_ontap_vscan_on_access_policy.py" line="121" name="test_get_nonexistent_policy" time="0.00602626800537"></testcase><testcase classname="modules.test_na_ontap_vscan_on_access_policy.TestMyModule" file="modules/test_na_ontap_vscan_on_access_policy.py" line="114" name="test_module_fail_when_required_args_missing" time="0.00446701049805"><system-out>Info: missing required arguments: username, hostname, policy_name, vserver, password
</system-out></testcase><testcase classname="modules.test_na_ontap_vscan_on_access_policy.TestMyModule" file="modules/test_na_ontap_vscan_on_access_policy.py" line="143" name="test_successfully_delete" time="0.00972700119019"></testcase><testcase classname="modules.test_na_ontap_vscan_on_demand_task.TestMyModule" file="modules/test_na_ontap_vscan_on_demand_task.py" line="146" name="test_create_idempotency" time="0.00674390792847"></testcase><testcase classname="modules.test_na_ontap_vscan_on_access_policy.TestMyModule" file="modules/test_na_ontap_vscan_on_access_policy.py" line="131" name="test_successfully_create" time="0.00786113739014"></testcase><testcase classname="modules.test_na_ontap_vscan_on_demand_task.TestMyModule" file="modules/test_na_ontap_vscan_on_demand_task.py" line="160" name="test_delete_idempotency" time="0.00695824623108"></testcase><testcase classname="modules.test_na_ontap_vscan_on_demand_task.TestMyModule" file="modules/test_na_ontap_vscan_on_demand_task.py" line="140" name="test_successfully_create" time="0.00836515426636"></testcase><testcase classname="modules.test_na_ontap_vscan_on_demand_task.TestMyModule" file="modules/test_na_ontap_vscan_on_demand_task.py" line="135" name="test_get_existing_demand_task" time="0.00754117965698"></testcase><testcase classname="modules.test_na_ontap_vscan_on_demand_task.TestMyModule" file="modules/test_na_ontap_vscan_on_demand_task.py" line="152" name="test_successfully_delete" time="0.00784301757812"></testcase><testcase classname="modules.test_na_ontap_vscan_on_demand_task.TestMyModule" file="modules/test_na_ontap_vscan_on_demand_task.py" line="130" name="test_get_nonexistent_demand_task" time="0.00763368606567"></testcase><testcase classname="modules.test_na_ontap_vscan_scanner_pool.TestMyModule" file="modules/test_na_ontap_vscan_scanner_pool.py" line="156" name="test_apply_policy" time="0.00721502304077"></testcase><testcase classname="modules.test_na_ontap_vscan_on_demand_task.TestMyModule" file="modules/test_na_ontap_vscan_on_demand_task.py" line="123" name="test_module_fail_when_required_args_missing" time="0.0050630569458"><system-out>Info: missing required arguments: username, task_name, password, vserver, hostname
</system-out></testcase><testcase classname="modules.test_na_ontap_vscan_scanner_pool.TestMyModule" file="modules/test_na_ontap_vscan_scanner_pool.py" line="150" name="test_create_idempotency" time="0.00675916671753"></testcase><testcase classname="modules.test_na_ontap_vscan_scanner_pool.TestMyModule" file="modules/test_na_ontap_vscan_scanner_pool.py" line="172" name="test_delete_idempotency" time="0.00735592842102"></testcase><testcase classname="modules.test_na_ontap_vscan_scanner_pool.TestMyModule" file="modules/test_na_ontap_vscan_scanner_pool.py" line="125" name="test_module_fail_when_required_args_missing" time="0.00578594207764"><system-out>Info: missing required arguments: username, hostname, vserver, password, scanner_pool
</system-out></testcase><testcase classname="modules.test_na_ontap_vscan_scanner_pool.TestMyModule" file="modules/test_na_ontap_vscan_scanner_pool.py" line="138" name="test_get_existing_scanner" time="0.00719809532166"></testcase><testcase classname="modules.test_na_ontap_vscan_scanner_pool.TestMyModule" file="modules/test_na_ontap_vscan_scanner_pool.py" line="144" name="test_successfully_create" time="0.00826478004456"></testcase><testcase classname="modules.test_na_ontap_vscan_scanner_pool.TestMyModule" file="modules/test_na_ontap_vscan_scanner_pool.py" line="164" name="test_successfully_delete" time="0.00742411613464"></testcase><testcase classname="modules.test_na_ontap_vscan_scanner_pool.TestMyModule" file="modules/test_na_ontap_vscan_scanner_pool.py" line="132" name="test_get_nonexistent_scanner" time="0.00720047950745"></testcase><testcase classname="modules.test_na_ontap_vserver_cifs_security.TestMyModule" file="modules/test_na_ontap_vserver_cifs_security.py" line="147" name="test_modify_error" time="0.00940418243408"></testcase><testcase classname="modules.test_na_ontap_vserver_cifs_security.TestMyModule" file="modules/test_na_ontap_vserver_cifs_security.py" line="131" name="test_successful_modify" time="0.00940775871277"></testcase><testcase classname="modules.test_na_ontap_vserver_peer.TestMyModule" file="modules/test_na_ontap_vserver_peer.py" line="162" name="test_create_idempotency" time="0.00929999351501"></testcase><testcase classname="modules.test_na_ontap_vserver_peer.TestMyModule" file="modules/test_na_ontap_vserver_peer.py" line="189" name="test_delete_idempotency" time="0.00861406326294"></testcase><testcase classname="modules.test_na_ontap_vserver_peer.TestMyModule" file="modules/test_na_ontap_vserver_peer.py" line="212" name="test_get_packet" time="0.00881099700928"><system-out>&lt;xml&gt;&lt;attributes-list&gt;&lt;vserver-peer-info&gt;&lt;peer-vserver&gt;test_peer&lt;/peer-vserver&gt;&lt;vserver&gt;test&lt;/vserver&gt;&lt;peer-state&gt;peered&lt;/peer-state&gt;&lt;/vserver-peer-info&gt;&lt;/attributes-list&gt;&lt;num-records&gt;1&lt;/num-records&gt;&lt;/xml&gt;
</system-out></testcase><testcase classname="modules.test_na_ontap_vserver_peer.TestMyModule" file="modules/test_na_ontap_vserver_peer.py" line="221" name="test_error_on_missing_params_create" time="0.00959777832031"></testcase><testcase classname="modules.test_na_ontap_vserver_peer.TestMyModule" file="modules/test_na_ontap_vserver_peer.py" line="243" name="test_get_peer_cluster_packet" time="0.00777196884155"><system-out>&lt;xml&gt;&lt;attributes&gt;&lt;cluster-identity-info&gt;&lt;cluster-name&gt;test_cluster_peer&lt;/cluster-name&gt;&lt;/cluster-identity-info&gt;&lt;/attributes&gt;&lt;/xml&gt;
</system-out></testcase><testcase classname="modules.test_na_ontap_vserver_peer.TestMyModule" file="modules/test_na_ontap_vserver_peer.py" line="232" name="test_get_peer_cluster_called" time="0.00753712654114"></testcase><testcase classname="modules.test_na_ontap_vserver_peer.TestMyModule" file="modules/test_na_ontap_vserver_peer.py" line="144" name="test_module_fail_when_required_args_missing" time="0.0055091381073"><system-out>Info: missing required arguments: username, hostname, vserver, peer_vserver, password
</system-out></testcase><testcase classname="modules.test_na_ontap_vserver_peer.TestMyModule" file="modules/test_na_ontap_vserver_peer.py" line="200" name="test_helper_vserver_peer_get_iter" time="0.00810503959656"><system-out>&lt;vserver-peer-get-iter&gt;
  &lt;query&gt;
    &lt;vserver-peer-info&gt;
      &lt;peer-vserver&gt;test_peer&lt;/peer-vserver&gt;
      &lt;vserver&gt;test&lt;/vserver&gt;
    &lt;/vserver-peer-info&gt;
  &lt;/query&gt;
&lt;/vserver-peer-get-iter&gt;

</system-out></testcase><testcase classname="modules.test_na_ontap_vserver_peer.TestMyModule" file="modules/test_na_ontap_vserver_peer.py" line="151" name="test_successful_create" time="0.00826907157898"></testcase><testcase classname="modules.test_na_ontap_vserver_peer.TestMyModule" file="modules/test_na_ontap_vserver_peer.py" line="178" name="test_successful_delete" time="0.00883221626282"><system-out>&lt;xml&gt;&lt;attributes-list&gt;&lt;vserver-peer-info&gt;&lt;peer-vserver&gt;test_peer&lt;/peer-vserver&gt;&lt;vserver&gt;test&lt;/vserver&gt;&lt;peer-state&gt;peered&lt;/peer-state&gt;&lt;/vserver-peer-info&gt;&lt;/attributes-list&gt;&lt;num-records&gt;1&lt;/num-records&gt;&lt;/xml&gt;
</system-out></testcase></testsuite>