<?xml version="1.0" encoding="utf-8"?><testsuite errors="0" failures="0" name="pytest" skips="0" tests="19" time="5.239"><testcase classname="test_aws_netapp_cvs_FileSystems.TestMyModule" file="test_aws_netapp_cvs_FileSystems.py" line="135" name="test_delete_aws_netapp_cvs_snapshots_pass" time="0.0285408496857"><system-out>Info: test_create_aws_netapp_cvs_filesyste_pass: {&apos;msg&apos;: &apos;FileSystem Deleted&apos;, &apos;changed&apos;: True}
</system-out></testcase><testcase classname="test_aws_netapp_cvs_FileSystems.TestMyModule" file="test_aws_netapp_cvs_FileSystems.py" line="120" name="test_create_aws_netapp_cvs_snapshots_pass" time="0.063316822052"><system-out>Info: test_create_aws_netapp_cvs_filesystem_pass: {&apos;msg&apos;: &apos;FileSystem Created&apos;, &apos;changed&apos;: True}
</system-out></testcase><testcase classname="test_aws_netapp_cvs_FileSystems.TestMyModule" file="test_aws_netapp_cvs_FileSystems.py" line="104" name="test_module_fail_when_required_args_missing" time="0.0102579593658"><system-out>Info: test_module_fail_when_required_args_missing: missing required arguments: state
</system-out></testcase><testcase classname="test_aws_netapp_cvs_active_directory.TestMyModule" file="test_aws_netapp_cvs_active_directory.py" line="94" name="test_module_fail_when_required_args_present" time="0.028064250946"></testcase><testcase classname="test_aws_netapp_cvs_pool.TestMyModule" file="test_aws_netapp_cvs_pool.py" line="201" name="test_create_aws_netapp_cvs_pool_fail" time="0.0337598323822"><system-out>Info: test_create_aws_netapp_cvs_pool_fail: AnsibleFailJson({&apos;msg&apos;: &apos;Error&apos;, &apos;failed&apos;: True, &apos;changed&apos;: False},)
</system-out></testcase><testcase classname="test_aws_netapp_cvs_FileSystems.TestMyModule" file="test_aws_netapp_cvs_FileSystems.py" line="111" name="test_module_fail_when_required_args_present" time="0.00393986701965"><system-out>Info: test_module_fail_when_required_args_present: Induced arguments check
</system-out></testcase><testcase classname="test_aws_netapp_cvs_pool.TestMyModule" file="test_aws_netapp_cvs_pool.py" line="180" name="test_create_aws_netapp_cvs_pool_pass" time="0.0157427787781"><system-out>Info: test_create_aws_netapp_cvs_pool_pass: AnsibleExitJson({&apos;changed&apos;: True},)
</system-out></testcase><testcase classname="test_aws_netapp_cvs_active_directory.TestMyModule" file="test_aws_netapp_cvs_active_directory.py" line="102" name="test_create_aws_netapp_cvs_activedir" time="0.068306684494"><system-out>Info: test_create_aws_netapp_cvs_active_directory: AnsibleExitJson({&apos;changed&apos;: True},)
</system-out></testcase><testcase classname="test_aws_netapp_cvs_pool.TestMyModule" file="test_aws_netapp_cvs_pool.py" line="243" name="test_delete_aws_netapp_cvs_pool_fail" time="0.0387740135193"><system-out>Info: test_delete_aws_netapp_cvs_pool_fail: AnsibleFailJson({&apos;msg&apos;: &apos;Error&apos;, &apos;failed&apos;: True, &apos;changed&apos;: False},)
</system-out></testcase><testcase classname="test_aws_netapp_cvs_pool.TestMyModule" file="test_aws_netapp_cvs_pool.py" line="222" name="test_delete_aws_netapp_cvs_pool_pass" time="0.0259349346161"><system-out>Info: test_delete_aws_netapp_cvs_pool_pass: AnsibleExitJson({&apos;changed&apos;: True},)
</system-out></testcase><testcase classname="test_aws_netapp_cvs_active_directory.TestMyModule" file="test_aws_netapp_cvs_active_directory.py" line="87" name="test_module_fail_when_required_args_missing" time="0.0304169654846"><system-out>Info: missing required arguments: region
</system-out></testcase><testcase classname="test_aws_netapp_cvs_pool.TestMyModule" file="test_aws_netapp_cvs_pool.py" line="122" name="test_module_fail_when_required_args_missing" time="0.0074348449707"><system-out>Info: test_module_fail_when_required_args_missing: missing required arguments: state
</system-out></testcase><testcase classname="test_aws_netapp_cvs_pool.TestMyModule" file="test_aws_netapp_cvs_pool.py" line="129" name="test_module_pass_when_required_args_present" time="0.0172638893127"><system-out>Info: test_module_pass_when_required_args_present: Induced arguments check
</system-out></testcase><testcase classname="test_aws_netapp_cvs_pool.TestMyModule" file="test_aws_netapp_cvs_pool.py" line="138" name="test_update_aws_netapp_cvs_pool_pass" time="0.0214891433716"><system-out>Info: test_update_aws_netapp_cvs_pool_pass: AnsibleExitJson({&apos;changed&apos;: True},)
</system-out></testcase><testcase classname="test_aws_netapp_cvs_pool.TestMyModule" file="test_aws_netapp_cvs_pool.py" line="159" name="test_update_aws_netapp_cvs_pool_fail" time="0.0240993499756"><system-out>Info: test_update_aws_netapp_cvs_pool_fail: AnsibleFailJson({&apos;msg&apos;: &apos;Error&apos;, &apos;failed&apos;: True, &apos;changed&apos;: False},)
</system-out></testcase><testcase classname="test_aws_netapp_cvs_snapshots.TestMyModule" file="test_aws_netapp_cvs_snapshots.py" line="132" name="test_delete_aws_netapp_cvs_snapshots_pass" time="0.0196678638458"><system-out>Info: test_create_aws_netapp_cvs_snapshots_pass: {&apos;msg&apos;: &apos;Snapshot Deleted&apos;, &apos;changed&apos;: True}
</system-out></testcase><testcase classname="test_aws_netapp_cvs_snapshots.TestMyModule" file="test_aws_netapp_cvs_snapshots.py" line="118" name="test_create_aws_netapp_cvs_snapshots_pass" time="0.0971119403839"><system-out>Info: test_create_aws_netapp_cvs_snapshots_pass: {&apos;msg&apos;: &apos;Snapshot Created&apos;, &apos;changed&apos;: True}
</system-out></testcase><testcase classname="test_aws_netapp_cvs_snapshots.TestMyModule" file="test_aws_netapp_cvs_snapshots.py" line="109" name="test_module_fail_when_required_args_present" time="0.0154087543488"><system-out>Info: test_module_fail_when_required_args_present: Induced arguments check
</system-out></testcase><testcase classname="test_aws_netapp_cvs_snapshots.TestMyModule" file="test_aws_netapp_cvs_snapshots.py" line="102" name="test_module_fail_when_required_args_missing" time="0.00854921340942"><system-out>Info: test_module_fail_when_required_args_missing: missing required arguments: state
</system-out></testcase></testsuite>