<?xml version="1.0" encoding="utf-8"?><testsuite errors="0" failures="0" name="pytest" skips="0" tests="19" time="6.704"><testcase classname="test_aws_netapp_cvs_FileSystems.TestMyModule" file="test_aws_netapp_cvs_FileSystems.py" line="120" name="test_create_aws_netapp_cvs_snapshots_pass" time="0.0541391372681"><system-out>Info: test_create_aws_netapp_cvs_filesystem_pass: {&apos;msg&apos;: &apos;FileSystem Created&apos;, &apos;changed&apos;: True}
</system-out></testcase><testcase classname="test_aws_netapp_cvs_FileSystems.TestMyModule" file="test_aws_netapp_cvs_FileSystems.py" line="104" name="test_module_fail_when_required_args_missing" time="0.00391793251038"><system-out>Info: test_module_fail_when_required_args_missing: missing required arguments: state
</system-out></testcase><testcase classname="test_aws_netapp_cvs_FileSystems.TestMyModule" file="test_aws_netapp_cvs_FileSystems.py" line="135" name="test_delete_aws_netapp_cvs_snapshots_pass" time="0.0729353427887"><system-out>Info: test_create_aws_netapp_cvs_filesyste_pass: {&apos;msg&apos;: &apos;FileSystem Deleted&apos;, &apos;changed&apos;: True}
</system-out></testcase><testcase classname="test_aws_netapp_cvs_active_directory.TestMyModule" file="test_aws_netapp_cvs_active_directory.py" line="102" name="test_create_aws_netapp_cvs_activedir" time="0.0159990787506"><system-out>Info: test_create_aws_netapp_cvs_active_directory: AnsibleExitJson({&apos;changed&apos;: True},)
</system-out></testcase><testcase classname="test_aws_netapp_cvs_FileSystems.TestMyModule" file="test_aws_netapp_cvs_FileSystems.py" line="111" name="test_module_fail_when_required_args_present" time="0.0221071243286"><system-out>Info: test_module_fail_when_required_args_present: Induced arguments check
</system-out></testcase><testcase classname="test_aws_netapp_cvs_active_directory.TestMyModule" file="test_aws_netapp_cvs_active_directory.py" line="87" name="test_module_fail_when_required_args_missing" time="0.14008808136"><system-out>Info: missing required arguments: region
</system-out></testcase><testcase classname="test_aws_netapp_cvs_active_directory.TestMyModule" file="test_aws_netapp_cvs_active_directory.py" line="94" name="test_module_fail_when_required_args_present" time="0.0921611785889"></testcase><testcase classname="test_aws_netapp_cvs_pool.TestMyModule" file="test_aws_netapp_cvs_pool.py" line="180" name="test_create_aws_netapp_cvs_pool_pass" time="0.0658571720123"><system-out>Info: test_create_aws_netapp_cvs_pool_pass: AnsibleExitJson({&apos;changed&apos;: True},)
</system-out></testcase><testcase classname="test_aws_netapp_cvs_pool.TestMyModule" file="test_aws_netapp_cvs_pool.py" line="201" name="test_create_aws_netapp_cvs_pool_fail" time="0.0645701885223"><system-out>Info: test_create_aws_netapp_cvs_pool_fail: AnsibleFailJson({&apos;msg&apos;: &apos;Error&apos;, &apos;failed&apos;: True, &apos;changed&apos;: False},)
</system-out></testcase><testcase classname="test_aws_netapp_cvs_pool.TestMyModule" file="test_aws_netapp_cvs_pool.py" line="243" name="test_delete_aws_netapp_cvs_pool_fail" time="0.0331590175629"><system-out>Info: test_delete_aws_netapp_cvs_pool_fail: AnsibleFailJson({&apos;msg&apos;: &apos;Error&apos;, &apos;failed&apos;: True, &apos;changed&apos;: False},)
</system-out></testcase><testcase classname="test_aws_netapp_cvs_pool.TestMyModule" file="test_aws_netapp_cvs_pool.py" line="222" name="test_delete_aws_netapp_cvs_pool_pass" time="0.0231564044952"><system-out>Info: test_delete_aws_netapp_cvs_pool_pass: AnsibleExitJson({&apos;changed&apos;: True},)
</system-out></testcase><testcase classname="test_aws_netapp_cvs_pool.TestMyModule" file="test_aws_netapp_cvs_pool.py" line="122" name="test_module_fail_when_required_args_missing" time="0.0805900096893"><system-out>Info: test_module_fail_when_required_args_missing: missing required arguments: state
</system-out></testcase><testcase classname="test_aws_netapp_cvs_pool.TestMyModule" file="test_aws_netapp_cvs_pool.py" line="129" name="test_module_pass_when_required_args_present" time="0.0227961540222"><system-out>Info: test_module_pass_when_required_args_present: Induced arguments check
</system-out></testcase><testcase classname="test_aws_netapp_cvs_pool.TestMyModule" file="test_aws_netapp_cvs_pool.py" line="138" name="test_update_aws_netapp_cvs_pool_pass" time="0.0688378810883"><system-out>Info: test_update_aws_netapp_cvs_pool_pass: AnsibleExitJson({&apos;changed&apos;: True},)
</system-out></testcase><testcase classname="test_aws_netapp_cvs_pool.TestMyModule" file="test_aws_netapp_cvs_pool.py" line="159" name="test_update_aws_netapp_cvs_pool_fail" time="0.0507760047913"><system-out>Info: test_update_aws_netapp_cvs_pool_fail: AnsibleFailJson({&apos;msg&apos;: &apos;Error&apos;, &apos;failed&apos;: True, &apos;changed&apos;: False},)
</system-out></testcase><testcase classname="test_aws_netapp_cvs_snapshots.TestMyModule" file="test_aws_netapp_cvs_snapshots.py" line="118" name="test_create_aws_netapp_cvs_snapshots_pass" time="0.0274088382721"><system-out>Info: test_create_aws_netapp_cvs_snapshots_pass: {&apos;msg&apos;: &apos;Snapshot Created&apos;, &apos;changed&apos;: True}
</system-out></testcase><testcase classname="test_aws_netapp_cvs_snapshots.TestMyModule" file="test_aws_netapp_cvs_snapshots.py" line="132" name="test_delete_aws_netapp_cvs_snapshots_pass" time="0.0368549823761"><system-out>Info: test_create_aws_netapp_cvs_snapshots_pass: {&apos;msg&apos;: &apos;Snapshot Deleted&apos;, &apos;changed&apos;: True}
</system-out></testcase><testcase classname="test_aws_netapp_cvs_snapshots.TestMyModule" file="test_aws_netapp_cvs_snapshots.py" line="109" name="test_module_fail_when_required_args_present" time="0.0599648952484"><system-out>Info: test_module_fail_when_required_args_present: Induced arguments check
</system-out></testcase><testcase classname="test_aws_netapp_cvs_snapshots.TestMyModule" file="test_aws_netapp_cvs_snapshots.py" line="102" name="test_module_fail_when_required_args_missing" time="0.0295660495758"><system-out>Info: test_module_fail_when_required_args_missing: missing required arguments: state
</system-out></testcase></testsuite>