<?xml version="1.0" encoding="utf-8"?><testsuite errors="0" failures="0" name="pytest" skipped="0" tests="19" time="2.096"><testcase classname="test_aws_netapp_cvs_FileSystems.TestMyModule" file="test_aws_netapp_cvs_FileSystems.py" line="120" name="test_create_aws_netapp_cvs_snapshots_pass" time="0.008"><system-out>Info: test_create_aws_netapp_cvs_filesystem_pass: {&apos;changed&apos;: True, &apos;msg&apos;: &apos;FileSystem Created&apos;}
</system-out></testcase><testcase classname="test_aws_netapp_cvs_FileSystems.TestMyModule" file="test_aws_netapp_cvs_FileSystems.py" line="104" name="test_module_fail_when_required_args_missing" time="0.004"><system-out>Info: test_module_fail_when_required_args_missing: missing required arguments: state
</system-out></testcase><testcase classname="test_aws_netapp_cvs_FileSystems.TestMyModule" file="test_aws_netapp_cvs_FileSystems.py" line="135" name="test_delete_aws_netapp_cvs_snapshots_pass" time="0.038"><system-out>Info: test_create_aws_netapp_cvs_filesyste_pass: {&apos;changed&apos;: True, &apos;msg&apos;: &apos;FileSystem Deleted&apos;}
</system-out></testcase><testcase classname="test_aws_netapp_cvs_active_directory.TestMyModule" file="test_aws_netapp_cvs_active_directory.py" line="102" name="test_create_aws_netapp_cvs_activedir" time="0.007"><system-out>Info: test_create_aws_netapp_cvs_active_directory: AnsibleExitJson({&apos;changed&apos;: True})
</system-out></testcase><testcase classname="test_aws_netapp_cvs_active_directory.TestMyModule" file="test_aws_netapp_cvs_active_directory.py" line="87" name="test_module_fail_when_required_args_missing" time="0.004"><system-out>Info: missing required arguments: region
</system-out></testcase><testcase classname="test_aws_netapp_cvs_FileSystems.TestMyModule" file="test_aws_netapp_cvs_FileSystems.py" line="111" name="test_module_fail_when_required_args_present" time="0.005"><system-out>Info: test_module_fail_when_required_args_present: Induced arguments check
</system-out></testcase><testcase classname="test_aws_netapp_cvs_pool.TestMyModule" file="test_aws_netapp_cvs_pool.py" line="180" name="test_create_aws_netapp_cvs_pool_pass" time="0.008"><system-out>Info: test_create_aws_netapp_cvs_pool_pass: AnsibleExitJson({&apos;changed&apos;: True})
</system-out></testcase><testcase classname="test_aws_netapp_cvs_pool.TestMyModule" file="test_aws_netapp_cvs_pool.py" line="243" name="test_delete_aws_netapp_cvs_pool_fail" time="0.008"><system-out>Info: test_delete_aws_netapp_cvs_pool_fail: AnsibleFailJson({&apos;changed&apos;: False, &apos;msg&apos;: &apos;Error&apos;, &apos;failed&apos;: True})
</system-out></testcase><testcase classname="test_aws_netapp_cvs_active_directory.TestMyModule" file="test_aws_netapp_cvs_active_directory.py" line="94" name="test_module_fail_when_required_args_present" time="0.011"></testcase><testcase classname="test_aws_netapp_cvs_pool.TestMyModule" file="test_aws_netapp_cvs_pool.py" line="222" name="test_delete_aws_netapp_cvs_pool_pass" time="0.011"><system-out>Info: test_delete_aws_netapp_cvs_pool_pass: AnsibleExitJson({&apos;changed&apos;: True})
</system-out></testcase><testcase classname="test_aws_netapp_cvs_pool.TestMyModule" file="test_aws_netapp_cvs_pool.py" line="201" name="test_create_aws_netapp_cvs_pool_fail" time="0.007"><system-out>Info: test_create_aws_netapp_cvs_pool_fail: AnsibleFailJson({&apos;changed&apos;: False, &apos;msg&apos;: &apos;Error&apos;, &apos;failed&apos;: True})
</system-out></testcase><testcase classname="test_aws_netapp_cvs_pool.TestMyModule" file="test_aws_netapp_cvs_pool.py" line="122" name="test_module_fail_when_required_args_missing" time="0.016"><system-out>Info: test_module_fail_when_required_args_missing: missing required arguments: state
</system-out></testcase><testcase classname="test_aws_netapp_cvs_pool.TestMyModule" file="test_aws_netapp_cvs_pool.py" line="129" name="test_module_pass_when_required_args_present" time="0.005"><system-out>Info: test_module_pass_when_required_args_present: Induced arguments check
</system-out></testcase><testcase classname="test_aws_netapp_cvs_pool.TestMyModule" file="test_aws_netapp_cvs_pool.py" line="159" name="test_update_aws_netapp_cvs_pool_fail" time="0.008"><system-out>Info: test_update_aws_netapp_cvs_pool_fail: AnsibleFailJson({&apos;changed&apos;: False, &apos;msg&apos;: &apos;Error&apos;, &apos;failed&apos;: True})
</system-out></testcase><testcase classname="test_aws_netapp_cvs_pool.TestMyModule" file="test_aws_netapp_cvs_pool.py" line="138" name="test_update_aws_netapp_cvs_pool_pass" time="0.008"><system-out>Info: test_update_aws_netapp_cvs_pool_pass: AnsibleExitJson({&apos;changed&apos;: True})
</system-out></testcase><testcase classname="test_aws_netapp_cvs_snapshots.TestMyModule" file="test_aws_netapp_cvs_snapshots.py" line="132" name="test_delete_aws_netapp_cvs_snapshots_pass" time="0.014"><system-out>Info: test_create_aws_netapp_cvs_snapshots_pass: {&apos;changed&apos;: True, &apos;msg&apos;: &apos;Snapshot Deleted&apos;}
</system-out></testcase><testcase classname="test_aws_netapp_cvs_snapshots.TestMyModule" file="test_aws_netapp_cvs_snapshots.py" line="102" name="test_module_fail_when_required_args_missing" time="0.004"><system-out>Info: test_module_fail_when_required_args_missing: missing required arguments: state
</system-out></testcase><testcase classname="test_aws_netapp_cvs_snapshots.TestMyModule" file="test_aws_netapp_cvs_snapshots.py" line="118" name="test_create_aws_netapp_cvs_snapshots_pass" time="0.016"><system-out>Info: test_create_aws_netapp_cvs_snapshots_pass: {&apos;changed&apos;: True, &apos;msg&apos;: &apos;Snapshot Created&apos;}
</system-out></testcase><testcase classname="test_aws_netapp_cvs_snapshots.TestMyModule" file="test_aws_netapp_cvs_snapshots.py" line="109" name="test_module_fail_when_required_args_present" time="0.006"><system-out>Info: test_module_fail_when_required_args_present: Induced arguments check
</system-out></testcase></testsuite>